<ShowPlanXML xmlns="http://schemas.microsoft.com/sqlserver/2004/07/showplan" Version="1.564" Build="16.0.1135.2"><BatchSequence><Batch><Statements><StmtSimple StatementText="select  &#xd;&#xa;    r.Id as ReservationId,&#xd;&#xa;    r.CustomerId as CustomerId,&#xd;&#xa;    c.Name as CustomerName,&#xd;&#xa;    r.BranchId as BranchId,&#xd;&#xa;    b.Name as BranchName,&#xd;&#xa;    r.[Status] as Status,&#xd;&#xa;    r.DatedOn as DatedOn,&#xd;&#xa;    td.TableNumber as TableNumber,&#xd;&#xa;    r.TotalPeople as TotalPeople ,&#xd;&#xa;    o.Total as TotalPrice,&#xd;&#xa;    o.Id as OrderID&#xd;&#xa;    from Reservation r join Customers c on c.CustomerId = r.CustomerId &#xd;&#xa;    join branches b on b.BranchId = r.BranchId&#xd;&#xa;    join TableDetail td on td.Id = r.TableId&#xd;&#xa;    join ORDERs o on o.ReservationId = r.Id&#xd;&#xa;    where r.BranchId = @branchId and r.DatedOn = @dateOn" StatementId="1" StatementCompId="3" StatementType="SELECT" StatementSqlHandle="0x0900428562D4DE08504A6F86023273DB68020000000000000000000000000000000000000000000000000000" DatabaseContextSettingsId="6" ParentObjectId="466100701" StatementParameterizationType="0" RetrievedFromCache="true" StatementSubTreeCost="3.10098" StatementEstRows="150" SecurityPolicyApplied="false" StatementOptmLevel="FULL" QueryHash="0x5004F3169516D0C6" QueryPlanHash="0x0312740F3CA48227" StatementOptmEarlyAbortReason="TimeOut" CardinalityEstimationModelVersion="160"><StatementSetOptions QUOTED_IDENTIFIER="true" ARITHABORT="true" CONCAT_NULL_YIELDS_NULL="true" ANSI_NULLS="true" ANSI_PADDING="true" ANSI_WARNINGS="true" NUMERIC_ROUNDABORT="false"></StatementSetOptions><QueryPlan DegreeOfParallelism="0" MemoryGrant="1024" NonParallelPlanReason="NoParallelPlansInDesktopOrExpressEdition" CachedPlanSize="80" CompileTime="18" CompileCPU="18" CompileMemory="1560"><MissingIndexes><MissingIndexGroup Impact="81.8495"><MissingIndex Database="[sushiDB]" Schema="[dbo]" Table="[Reservation]"><ColumnGroup Usage="EQUALITY"><Column Name="[DatedOn]" ColumnId="2"></Column><Column Name="[BranchId]" ColumnId="7"></Column></ColumnGroup><ColumnGroup Usage="INCLUDE"><Column Name="[Status]" ColumnId="4"></Column><Column Name="[CustomerId]" ColumnId="6"></Column><Column Name="[TableId]" ColumnId="9"></Column><Column Name="[TotalPeople]" ColumnId="10"></Column></ColumnGroup></MissingIndex></MissingIndexGroup></MissingIndexes><Warnings><MemoryGrantWarning GrantWarningKind="Excessive Grant" RequestedMemory="1024" GrantedMemory="1024" MaxUsedMemory="16"></MemoryGrantWarning></Warnings><MemoryGrantInfo SerialRequiredMemory="512" SerialDesiredMemory="544" RequiredMemory="512" DesiredMemory="544" RequestedMemory="1024" GrantWaitTime="0" MaxQueryMemory="967000" GrantedMemory="1024" MaxUsedMemory="16"></MemoryGrantInfo><OptimizerHardwareDependentProperties EstimatedAvailableMemoryGrant="208921" EstimatedPagesCached="104460" EstimatedAvailableDegreeOfParallelism="4" MaxCompileMemory="4050968"></OptimizerHardwareDependentProperties><OptimizerStatsUsage><StatisticsInfo LastUpdate="2024-11-30T23:17:59.84" ModificationCount="0" SamplingPercent="41.8252" Statistics="[_WA_Sys_00000002_7E37BEF6]" Table="[Reservation]" Schema="[dbo]" Database="[sushiDB]"></StatisticsInfo><StatisticsInfo LastUpdate="2024-11-30T21:33:40.05" ModificationCount="0" SamplingPercent="100" Statistics="[PK_Branches]" Table="[Branches]" Schema="[dbo]" Database="[sushiDB]"></StatisticsInfo><StatisticsInfo LastUpdate="2024-11-30T21:07:45.21" ModificationCount="0" SamplingPercent="40.173" Statistics="[PK_Reservation]" Table="[Reservation]" Schema="[dbo]" Database="[sushiDB]"></StatisticsInfo><StatisticsInfo LastUpdate="2024-11-30T23:17:59.92" ModificationCount="1" SamplingPercent="100" Statistics="[PK_Customers]" Table="[Customers]" Schema="[dbo]" Database="[sushiDB]"></StatisticsInfo><StatisticsInfo LastUpdate="2024-11-30T20:44:58.76" ModificationCount="0" SamplingPercent="84.2724" Statistics="[IX_Orders_ReservationId]" Table="[Orders]" Schema="[dbo]" Database="[sushiDB]"></StatisticsInfo><StatisticsInfo LastUpdate="2024-11-30T21:33:40.25" ModificationCount="0" SamplingPercent="41.8252" Statistics="[IX_Reservation_TableId]" Table="[Reservation]" Schema="[dbo]" Database="[sushiDB]"></StatisticsInfo><StatisticsInfo LastUpdate="2024-11-30T20:44:58.84" ModificationCount="0" SamplingPercent="85.4135" Statistics="[PK_Orders]" Table="[Orders]" Schema="[dbo]" Database="[sushiDB]"></StatisticsInfo><StatisticsInfo LastUpdate="2024-11-30T23:17:59.91" ModificationCount="0" SamplingPercent="41.8252" Statistics="[_WA_Sys_00000006_7E37BEF6]" Table="[Reservation]" Schema="[dbo]" Database="[sushiDB]"></StatisticsInfo><StatisticsInfo LastUpdate="2024-11-30T21:33:40.19" ModificationCount="0" SamplingPercent="41.8252" Statistics="[_WA_Sys_00000007_7E37BEF6]" Table="[Reservation]" Schema="[dbo]" Database="[sushiDB]"></StatisticsInfo></OptimizerStatsUsage><TraceFlags IsCompileTime="1"><TraceFlag Value="8017" Scope="Global"></TraceFlag></TraceFlags><TraceFlags IsCompileTime="0"><TraceFlag Value="8017" Scope="Global"></TraceFlag></TraceFlags><WaitStats><Wait WaitType="MEMORY_ALLOCATION_EXT" WaitTimeMs="2" WaitCount="2972"></Wait></WaitStats><QueryTimeStats ElapsedTime="50" CpuTime="50"></QueryTimeStats><RelOp NodeId="0" PhysicalOp="Nested Loops" LogicalOp="Inner Join" EstimateRows="150" EstimateIO="0" EstimateCPU="0.000627" AvgRowSize="306" EstimatedTotalSubtreeCost="3.10098" Parallel="0" EstimateRebinds="0" EstimateRewinds="0" EstimatedExecutionMode="Row"><OutputList><ColumnReference Database="[sushiDB]" Schema="[dbo]" Table="[Reservation]" Alias="[r]" Column="Id"></ColumnReference><ColumnReference Database="[sushiDB]" Schema="[dbo]" Table="[Reservation]" Alias="[r]" Column="DatedOn"></ColumnReference><ColumnReference Database="[sushiDB]" Schema="[dbo]" Table="[Reservation]" Alias="[r]" Column="Status"></ColumnReference><ColumnReference Database="[sushiDB]" Schema="[dbo]" Table="[Reservation]" Alias="[r]" Column="CustomerId"></ColumnReference><ColumnReference Database="[sushiDB]" Schema="[dbo]" Table="[Reservation]" Alias="[r]" Column="BranchId"></ColumnReference><ColumnReference Database="[sushiDB]" Schema="[dbo]" Table="[Reservation]" Alias="[r]" Column="TotalPeople"></ColumnReference><ColumnReference Database="[sushiDB]" Schema="[dbo]" Table="[Customers]" Alias="[c]" Column="Name"></ColumnReference><ColumnReference Database="[sushiDB]" Schema="[dbo]" Table="[Branches]" Alias="[b]" Column="Name"></ColumnReference><ColumnReference Database="[sushiDB]" Schema="[dbo]" Table="[TableDetail]" Alias="[td]" Column="TableNumber"></ColumnReference><ColumnReference Database="[sushiDB]" Schema="[dbo]" Table="[Orders]" Alias="[o]" Column="Id"></ColumnReference><ColumnReference Database="[sushiDB]" Schema="[dbo]" Table="[Orders]" Alias="[o]" Column="Total"></ColumnReference></OutputList><RunTimeInformation><RunTimeCountersPerThread Thread="0" ActualRows="20" Batches="0" ActualElapsedms="50" ActualCPUms="50" ActualEndOfScans="1" ActualExecutions="1" ActualExecutionMode="Row"></RunTimeCountersPerThread></RunTimeInformation><NestedLoops Optimized="0"><RelOp NodeId="1" PhysicalOp="Clustered Index Seek" LogicalOp="Clustered Index Seek" EstimateRows="1" EstimatedRowsRead="1" EstimateIO="0.003125" EstimateCPU="0.0001581" AvgRowSize="111" EstimatedTotalSubtreeCost="0.0032831" TableCardinality="15" Parallel="0" EstimateRebinds="0" EstimateRewinds="0" EstimatedExecutionMode="Row"><OutputList><ColumnReference Database="[sushiDB]" Schema="[dbo]" Table="[Branches]" Alias="[b]" Column="Name"></ColumnReference></OutputList><RunTimeInformation><RunTimeCountersPerThread Thread="0" ActualRows="1" Batches="0" ActualElapsedms="0" ActualCPUms="0" ActualScans="0" ActualLogicalReads="2" ActualPhysicalReads="0" ActualReadAheads="0" ActualLobLogicalReads="0" ActualLobPhysicalReads="0" ActualLobReadAheads="0" ActualRowsRead="1" ActualEndOfScans="1" ActualExecutions="1" ActualExecutionMode="Row"></RunTimeCountersPerThread></RunTimeInformation><IndexScan Ordered="1" ScanDirection="FORWARD" ForcedIndex="0" ForceSeek="0" ForceScan="0" NoExpandHint="0" Storage="RowStore"><DefinedValues><DefinedValue><ColumnReference Database="[sushiDB]" Schema="[dbo]" Table="[Branches]" Alias="[b]" Column="Name"></ColumnReference></DefinedValue></DefinedValues><Object Database="[sushiDB]" Schema="[dbo]" Table="[Branches]" Index="[PK_Branches]" Alias="[b]" IndexKind="Clustered" Storage="RowStore"></Object><SeekPredicates><SeekPredicateNew><SeekKeys><Prefix ScanType="EQ"><RangeColumns><ColumnReference Database="[sushiDB]" Schema="[dbo]" Table="[Branches]" Alias="[b]" Column="BranchId"></ColumnReference></RangeColumns><RangeExpressions><ScalarOperator ScalarString="[@branchId]"><Identifier><ColumnReference Column="@branchId"></ColumnReference></Identifier></ScalarOperator></RangeExpressions></Prefix></SeekKeys></SeekPredicateNew></SeekPredicates></IndexScan></RelOp><RelOp NodeId="2" PhysicalOp="Nested Loops" LogicalOp="Inner Join" EstimateRows="150" EstimateIO="0" EstimateCPU="0.0003258" AvgRowSize="204" EstimatedTotalSubtreeCost="3.09707" Parallel="0" EstimateRebinds="0" EstimateRewinds="0" EstimatedExecutionMode="Row"><OutputList><ColumnReference Database="[sushiDB]" Schema="[dbo]" Table="[Reservation]" Alias="[r]" Column="Id"></ColumnReference><ColumnReference Database="[sushiDB]" Schema="[dbo]" Table="[Reservation]" Alias="[r]" Column="DatedOn"></ColumnReference><ColumnReference Database="[sushiDB]" Schema="[dbo]" Table="[Reservation]" Alias="[r]" Column="Status"></ColumnReference><ColumnReference Database="[sushiDB]" Schema="[dbo]" Table="[Reservation]" Alias="[r]" Column="CustomerId"></ColumnReference><ColumnReference Database="[sushiDB]" Schema="[dbo]" Table="[Reservation]" Alias="[r]" Column="BranchId"></ColumnReference><ColumnReference Database="[sushiDB]" Schema="[dbo]" Table="[Reservation]" Alias="[r]" Column="TotalPeople"></ColumnReference><ColumnReference Database="[sushiDB]" Schema="[dbo]" Table="[Customers]" Alias="[c]" Column="Name"></ColumnReference><ColumnReference Database="[sushiDB]" Schema="[dbo]" Table="[TableDetail]" Alias="[td]" Column="TableNumber"></ColumnReference><ColumnReference Database="[sushiDB]" Schema="[dbo]" Table="[Orders]" Alias="[o]" Column="Id"></ColumnReference><ColumnReference Database="[sushiDB]" Schema="[dbo]" Table="[Orders]" Alias="[o]" Column="Total"></ColumnReference></OutputList><RunTimeInformation><RunTimeCountersPerThread Thread="0" ActualRows="20" Batches="0" ActualElapsedms="50" ActualCPUms="50" ActualEndOfScans="1" ActualExecutions="1" ActualExecutionMode="Row"></RunTimeCountersPerThread></RunTimeInformation><NestedLoops Optimized="0"><OuterReferences><ColumnReference Database="[sushiDB]" Schema="[dbo]" Table="[Reservation]" Alias="[r]" Column="TableId"></ColumnReference></OuterReferences><RelOp NodeId="3" PhysicalOp="Nested Loops" LogicalOp="Inner Join" EstimateRows="77.9425" EstimateIO="0" EstimateCPU="0.0003258" AvgRowSize="216" EstimatedTotalSubtreeCost="3.07817" Parallel="0" EstimateRebinds="0" EstimateRewinds="0" EstimatedExecutionMode="Row"><OutputList><ColumnReference Database="[sushiDB]" Schema="[dbo]" Table="[Reservation]" Alias="[r]" Column="Id"></ColumnReference><ColumnReference Database="[sushiDB]" Schema="[dbo]" Table="[Reservation]" Alias="[r]" Column="DatedOn"></ColumnReference><ColumnReference Database="[sushiDB]" Schema="[dbo]" Table="[Reservation]" Alias="[r]" Column="Status"></ColumnReference><ColumnReference Database="[sushiDB]" Schema="[dbo]" Table="[Reservation]" Alias="[r]" Column="CustomerId"></ColumnReference><ColumnReference Database="[sushiDB]" Schema="[dbo]" Table="[Reservation]" Alias="[r]" Column="BranchId"></ColumnReference><ColumnReference Database="[sushiDB]" Schema="[dbo]" Table="[Reservation]" Alias="[r]" Column="TableId"></ColumnReference><ColumnReference Database="[sushiDB]" Schema="[dbo]" Table="[Reservation]" Alias="[r]" Column="TotalPeople"></ColumnReference><ColumnReference Database="[sushiDB]" Schema="[dbo]" Table="[Customers]" Alias="[c]" Column="Name"></ColumnReference><ColumnReference Database="[sushiDB]" Schema="[dbo]" Table="[Orders]" Alias="[o]" Column="Id"></ColumnReference><ColumnReference Database="[sushiDB]" Schema="[dbo]" Table="[Orders]" Alias="[o]" Column="Total"></ColumnReference></OutputList><RunTimeInformation><RunTimeCountersPerThread Thread="0" ActualRows="20" Batches="0" ActualElapsedms="49" ActualCPUms="49" ActualEndOfScans="1" ActualExecutions="1" ActualExecutionMode="Row"></RunTimeCountersPerThread></RunTimeInformation><NestedLoops Optimized="0" WithUnorderedPrefetch="1"><OuterReferences><ColumnReference Database="[sushiDB]" Schema="[dbo]" Table="[Orders]" Alias="[o]" Column="Id"></ColumnReference><ColumnReference Column="Expr1007"></ColumnReference></OuterReferences><RelOp NodeId="5" PhysicalOp="Nested Loops" LogicalOp="Inner Join" EstimateRows="77.9425" EstimateIO="0" EstimateCPU="0.0003258" AvgRowSize="208" EstimatedTotalSubtreeCost="2.83177" Parallel="0" EstimateRebinds="0" EstimateRewinds="0" EstimatedExecutionMode="Row"><OutputList><ColumnReference Database="[sushiDB]" Schema="[dbo]" Table="[Reservation]" Alias="[r]" Column="Id"></ColumnReference><ColumnReference Database="[sushiDB]" Schema="[dbo]" Table="[Reservation]" Alias="[r]" Column="DatedOn"></ColumnReference><ColumnReference Database="[sushiDB]" Schema="[dbo]" Table="[Reservation]" Alias="[r]" Column="Status"></ColumnReference><ColumnReference Database="[sushiDB]" Schema="[dbo]" Table="[Reservation]" Alias="[r]" Column="CustomerId"></ColumnReference><ColumnReference Database="[sushiDB]" Schema="[dbo]" Table="[Reservation]" Alias="[r]" Column="BranchId"></ColumnReference><ColumnReference Database="[sushiDB]" Schema="[dbo]" Table="[Reservation]" Alias="[r]" Column="TableId"></ColumnReference><ColumnReference Database="[sushiDB]" Schema="[dbo]" Table="[Reservation]" Alias="[r]" Column="TotalPeople"></ColumnReference><ColumnReference Database="[sushiDB]" Schema="[dbo]" Table="[Customers]" Alias="[c]" Column="Name"></ColumnReference><ColumnReference Database="[sushiDB]" Schema="[dbo]" Table="[Orders]" Alias="[o]" Column="Id"></ColumnReference></OutputList><RunTimeInformation><RunTimeCountersPerThread Thread="0" ActualRows="20" Batches="0" ActualElapsedms="49" ActualCPUms="49" ActualEndOfScans="1" ActualExecutions="1" ActualExecutionMode="Row"></RunTimeCountersPerThread></RunTimeInformation><NestedLoops Optimized="0" WithUnorderedPrefetch="1"><OuterReferences><ColumnReference Database="[sushiDB]" Schema="[dbo]" Table="[Reservation]" Alias="[r]" Column="Id"></ColumnReference><ColumnReference Column="Expr1006"></ColumnReference></OuterReferences><RelOp NodeId="7" PhysicalOp="Merge Join" LogicalOp="Inner Join" EstimateRows="77.9362" EstimateIO="0" EstimateCPU="0.00787599" AvgRowSize="191" EstimatedTotalSubtreeCost="2.59232" Parallel="0" EstimateRebinds="0" EstimateRewinds="0" EstimatedExecutionMode="Row"><OutputList><ColumnReference Database="[sushiDB]" Schema="[dbo]" Table="[Reservation]" Alias="[r]" Column="Id"></ColumnReference><ColumnReference Database="[sushiDB]" Schema="[dbo]" Table="[Reservation]" Alias="[r]" Column="DatedOn"></ColumnReference><ColumnReference Database="[sushiDB]" Schema="[dbo]" Table="[Reservation]" Alias="[r]" Column="Status"></ColumnReference><ColumnReference Database="[sushiDB]" Schema="[dbo]" Table="[Reservation]" Alias="[r]" Column="CustomerId"></ColumnReference><ColumnReference Database="[sushiDB]" Schema="[dbo]" Table="[Reservation]" Alias="[r]" Column="BranchId"></ColumnReference><ColumnReference Database="[sushiDB]" Schema="[dbo]" Table="[Reservation]" Alias="[r]" Column="TableId"></ColumnReference><ColumnReference Database="[sushiDB]" Schema="[dbo]" Table="[Reservation]" Alias="[r]" Column="TotalPeople"></ColumnReference><ColumnReference Database="[sushiDB]" Schema="[dbo]" Table="[Customers]" Alias="[c]" Column="Name"></ColumnReference></OutputList><RunTimeInformation><RunTimeCountersPerThread Thread="0" ActualRows="20" Batches="0" ActualElapsedms="49" ActualCPUms="49" ActualScans="0" ActualLogicalReads="0" ActualPhysicalReads="0" ActualReadAheads="0" ActualLobLogicalReads="0" ActualLobPhysicalReads="0" ActualLobReadAheads="0" ActualEndOfScans="1" ActualExecutions="1" ActualExecutionMode="Row"></RunTimeCountersPerThread></RunTimeInformation><Merge ManyToMany="0"><InnerSideJoinColumns><ColumnReference Database="[sushiDB]" Schema="[dbo]" Table="[Reservation]" Alias="[r]" Column="CustomerId"></ColumnReference></InnerSideJoinColumns><OuterSideJoinColumns><ColumnReference Database="[sushiDB]" Schema="[dbo]" Table="[Customers]" Alias="[c]" Column="CustomerId"></ColumnReference></OuterSideJoinColumns><Residual><ScalarOperator ScalarString="[sushiDB].[dbo].[Customers].[CustomerId] as [c].[CustomerId]=[sushiDB].[dbo].[Reservation].[CustomerId] as [r].[CustomerId]"><Compare CompareOp="EQ"><ScalarOperator><Identifier><ColumnReference Database="[sushiDB]" Schema="[dbo]" Table="[Customers]" Alias="[c]" Column="CustomerId"></ColumnReference></Identifier></ScalarOperator><ScalarOperator><Identifier><ColumnReference Database="[sushiDB]" Schema="[dbo]" Table="[Reservation]" Alias="[r]" Column="CustomerId"></ColumnReference></Identifier></ScalarOperator></Compare></ScalarOperator></Residual><RelOp NodeId="8" PhysicalOp="Clustered Index Scan" LogicalOp="Clustered Index Scan" EstimateRows="1002" EstimatedRowsRead="1002" EstimateIO="0.026088" EstimateCPU="0.0012592" AvgRowSize="127" EstimatedTotalSubtreeCost="0.0273472" TableCardinality="1002" Parallel="0" EstimateRebinds="0" EstimateRewinds="0" EstimatedExecutionMode="Row"><OutputList><ColumnReference Database="[sushiDB]" Schema="[dbo]" Table="[Customers]" Alias="[c]" Column="CustomerId"></ColumnReference><ColumnReference Database="[sushiDB]" Schema="[dbo]" Table="[Customers]" Alias="[c]" Column="Name"></ColumnReference></OutputList><RunTimeInformation><RunTimeCountersPerThread Thread="0" ActualRows="871" Batches="0" ActualElapsedms="0" ActualCPUms="0" ActualScans="1" ActualLogicalReads="30" ActualPhysicalReads="0" ActualReadAheads="0" ActualLobLogicalReads="0" ActualLobPhysicalReads="0" ActualLobReadAheads="0" ActualRowsRead="871" ActualEndOfScans="0" ActualExecutions="1" ActualExecutionMode="Row"></RunTimeCountersPerThread></RunTimeInformation><IndexScan Ordered="1" ScanDirection="FORWARD" ForcedIndex="0" ForceSeek="0" ForceScan="0" NoExpandHint="0" Storage="RowStore"><DefinedValues><DefinedValue><ColumnReference Database="[sushiDB]" Schema="[dbo]" Table="[Customers]" Alias="[c]" Column="CustomerId"></ColumnReference></DefinedValue><DefinedValue><ColumnReference Database="[sushiDB]" Schema="[dbo]" Table="[Customers]" Alias="[c]" Column="Name"></ColumnReference></DefinedValue></DefinedValues><Object Database="[sushiDB]" Schema="[dbo]" Table="[Customers]" Index="[PK_Customers]" Alias="[c]" IndexKind="Clustered" Storage="RowStore"></Object></IndexScan></RelOp><RelOp NodeId="9" PhysicalOp="Sort" LogicalOp="Sort" EstimateRows="78.0917" EstimateIO="0.0112613" EstimateCPU="0.000866001" AvgRowSize="87" EstimatedTotalSubtreeCost="2.55709" Parallel="0" EstimateRebinds="0" EstimateRewinds="0" EstimatedExecutionMode="Row"><OutputList><ColumnReference Database="[sushiDB]" Schema="[dbo]" Table="[Reservation]" Alias="[r]" Column="Id"></ColumnReference><ColumnReference Database="[sushiDB]" Schema="[dbo]" Table="[Reservation]" Alias="[r]" Column="DatedOn"></ColumnReference><ColumnReference Database="[sushiDB]" Schema="[dbo]" Table="[Reservation]" Alias="[r]" Column="Status"></ColumnReference><ColumnReference Database="[sushiDB]" Schema="[dbo]" Table="[Reservation]" Alias="[r]" Column="CustomerId"></ColumnReference><ColumnReference Database="[sushiDB]" Schema="[dbo]" Table="[Reservation]" Alias="[r]" Column="BranchId"></ColumnReference><ColumnReference Database="[sushiDB]" Schema="[dbo]" Table="[Reservation]" Alias="[r]" Column="TableId"></ColumnReference><ColumnReference Database="[sushiDB]" Schema="[dbo]" Table="[Reservation]" Alias="[r]" Column="TotalPeople"></ColumnReference></OutputList><MemoryFractions Input="1" Output="1"></MemoryFractions><RunTimeInformation><RunTimeCountersPerThread Thread="0" ActualRows="20" Batches="0" ActualElapsedms="49" ActualCPUms="49" ActualScans="0" ActualLogicalReads="0" ActualPhysicalReads="0" ActualReadAheads="0" ActualLobLogicalReads="0" ActualLobPhysicalReads="0" ActualLobReadAheads="0" ActualRebinds="1" ActualRewinds="0" ActualEndOfScans="1" ActualExecutions="1" InputMemoryGrant="1024" OutputMemoryGrant="640" UsedMemoryGrant="16" ActualExecutionMode="Row"></RunTimeCountersPerThread></RunTimeInformation><Sort Distinct="0"><OrderBy><OrderByColumn Ascending="1"><ColumnReference Database="[sushiDB]" Schema="[dbo]" Table="[Reservation]" Alias="[r]" Column="CustomerId"></ColumnReference></OrderByColumn></OrderBy><RelOp NodeId="10" PhysicalOp="Clustered Index Scan" LogicalOp="Clustered Index Scan" EstimateRows="78.0917" EstimatedRowsRead="99990" EstimateIO="2.34683" EstimateCPU="0.110146" AvgRowSize="87" EstimatedTotalSubtreeCost="2.45697" TableCardinality="99990" Parallel="0" EstimateRebinds="0" EstimateRewinds="0" EstimatedExecutionMode="Row"><OutputList><ColumnReference Database="[sushiDB]" Schema="[dbo]" Table="[Reservation]" Alias="[r]" Column="Id"></ColumnReference><ColumnReference Database="[sushiDB]" Schema="[dbo]" Table="[Reservation]" Alias="[r]" Column="DatedOn"></ColumnReference><ColumnReference Database="[sushiDB]" Schema="[dbo]" Table="[Reservation]" Alias="[r]" Column="Status"></ColumnReference><ColumnReference Database="[sushiDB]" Schema="[dbo]" Table="[Reservation]" Alias="[r]" Column="CustomerId"></ColumnReference><ColumnReference Database="[sushiDB]" Schema="[dbo]" Table="[Reservation]" Alias="[r]" Column="BranchId"></ColumnReference><ColumnReference Database="[sushiDB]" Schema="[dbo]" Table="[Reservation]" Alias="[r]" Column="TableId"></ColumnReference><ColumnReference Database="[sushiDB]" Schema="[dbo]" Table="[Reservation]" Alias="[r]" Column="TotalPeople"></ColumnReference></OutputList><RunTimeInformation><RunTimeCountersPerThread Thread="0" ActualRows="20" Batches="0" ActualElapsedms="49" ActualCPUms="49" ActualScans="1" ActualLogicalReads="3182" ActualPhysicalReads="0" ActualReadAheads="2937" ActualLobLogicalReads="0" ActualLobPhysicalReads="0" ActualLobReadAheads="0" ActualRowsRead="99990" ActualEndOfScans="1" ActualExecutions="1" ActualExecutionMode="Row"></RunTimeCountersPerThread></RunTimeInformation><IndexScan Ordered="0" ForcedIndex="0" ForceScan="0" NoExpandHint="0" Storage="RowStore"><DefinedValues><DefinedValue><ColumnReference Database="[sushiDB]" Schema="[dbo]" Table="[Reservation]" Alias="[r]" Column="Id"></ColumnReference></DefinedValue><DefinedValue><ColumnReference Database="[sushiDB]" Schema="[dbo]" Table="[Reservation]" Alias="[r]" Column="DatedOn"></ColumnReference></DefinedValue><DefinedValue><ColumnReference Database="[sushiDB]" Schema="[dbo]" Table="[Reservation]" Alias="[r]" Column="Status"></ColumnReference></DefinedValue><DefinedValue><ColumnReference Database="[sushiDB]" Schema="[dbo]" Table="[Reservation]" Alias="[r]" Column="CustomerId"></ColumnReference></DefinedValue><DefinedValue><ColumnReference Database="[sushiDB]" Schema="[dbo]" Table="[Reservation]" Alias="[r]" Column="BranchId"></ColumnReference></DefinedValue><DefinedValue><ColumnReference Database="[sushiDB]" Schema="[dbo]" Table="[Reservation]" Alias="[r]" Column="TableId"></ColumnReference></DefinedValue><DefinedValue><ColumnReference Database="[sushiDB]" Schema="[dbo]" Table="[Reservation]" Alias="[r]" Column="TotalPeople"></ColumnReference></DefinedValue></DefinedValues><Object Database="[sushiDB]" Schema="[dbo]" Table="[Reservation]" Index="[PK_Reservation]" Alias="[r]" IndexKind="Clustered" Storage="RowStore"></Object><Predicate><ScalarOperator ScalarString="[sushiDB].[dbo].[Reservation].[BranchId] as [r].[BranchId]=[@branchId] AND [sushiDB].[dbo].[Reservation].[DatedOn] as [r].[DatedOn]=CONVERT_IMPLICIT(datetime2(7),[@dateOn],0)"><Logical Operation="AND"><ScalarOperator><Compare CompareOp="EQ"><ScalarOperator><Identifier><ColumnReference Database="[sushiDB]" Schema="[dbo]" Table="[Reservation]" Alias="[r]" Column="BranchId"></ColumnReference></Identifier></ScalarOperator><ScalarOperator><Identifier><ColumnReference Column="@branchId"></ColumnReference></Identifier></ScalarOperator></Compare></ScalarOperator><ScalarOperator><Compare CompareOp="EQ"><ScalarOperator><Identifier><ColumnReference Database="[sushiDB]" Schema="[dbo]" Table="[Reservation]" Alias="[r]" Column="DatedOn"></ColumnReference></Identifier></ScalarOperator><ScalarOperator><Identifier><ColumnReference Column="ConstExpr1005"><ScalarOperator><Convert DataType="datetime2" Scale="7" Style="0" Implicit="1"><ScalarOperator><Identifier><ColumnReference Column="@dateOn"></ColumnReference></Identifier></ScalarOperator></Convert></ScalarOperator></ColumnReference></Identifier></ScalarOperator></Compare></ScalarOperator></Logical></ScalarOperator></Predicate></IndexScan></RelOp></Sort></RelOp></Merge></RelOp><RelOp NodeId="11" PhysicalOp="Index Seek" LogicalOp="Index Seek" EstimateRows="1.00008" EstimatedRowsRead="1.00008" EstimateIO="0.003125" EstimateCPU="0.0001581" AvgRowSize="23" EstimatedTotalSubtreeCost="0.239127" TableCardinality="99990" Parallel="0" EstimateRebinds="76.9362" EstimateRewinds="0" EstimatedExecutionMode="Row"><OutputList><ColumnReference Database="[sushiDB]" Schema="[dbo]" Table="[Orders]" Alias="[o]" Column="Id"></ColumnReference></OutputList><RunTimeInformation><RunTimeCountersPerThread Thread="0" ActualRows="20" Batches="0" ActualElapsedms="0" ActualCPUms="0" ActualScans="20" ActualLogicalReads="60" ActualPhysicalReads="0" ActualReadAheads="0" ActualLobLogicalReads="0" ActualLobPhysicalReads="0" ActualLobReadAheads="0" ActualRowsRead="20" ActualEndOfScans="20" ActualExecutions="20" ActualExecutionMode="Row"></RunTimeCountersPerThread></RunTimeInformation><IndexScan Ordered="1" ScanDirection="FORWARD" ForcedIndex="0" ForceSeek="0" ForceScan="0" NoExpandHint="0" Storage="RowStore"><DefinedValues><DefinedValue><ColumnReference Database="[sushiDB]" Schema="[dbo]" Table="[Orders]" Alias="[o]" Column="Id"></ColumnReference></DefinedValue></DefinedValues><Object Database="[sushiDB]" Schema="[dbo]" Table="[Orders]" Index="[IX_Orders_ReservationId]" Alias="[o]" IndexKind="NonClustered" Storage="RowStore"></Object><SeekPredicates><SeekPredicateNew><SeekKeys><Prefix ScanType="EQ"><RangeColumns><ColumnReference Database="[sushiDB]" Schema="[dbo]" Table="[Orders]" Alias="[o]" Column="ReservationId"></ColumnReference></RangeColumns><RangeExpressions><ScalarOperator ScalarString="[sushiDB].[dbo].[Reservation].[Id] as [r].[Id]"><Identifier><ColumnReference Database="[sushiDB]" Schema="[dbo]" Table="[Reservation]" Alias="[r]" Column="Id"></ColumnReference></Identifier></ScalarOperator></RangeExpressions></Prefix></SeekKeys></SeekPredicateNew></SeekPredicates></IndexScan></RelOp></NestedLoops></RelOp><RelOp NodeId="13" PhysicalOp="Clustered Index Seek" LogicalOp="Clustered Index Seek" EstimateRows="1" EstimateIO="0.003125" EstimateCPU="0.0001581" AvgRowSize="15" EstimatedTotalSubtreeCost="0.246073" TableCardinality="99990" Parallel="0" EstimateRebinds="76.9425" EstimateRewinds="0" EstimatedExecutionMode="Row"><OutputList><ColumnReference Database="[sushiDB]" Schema="[dbo]" Table="[Orders]" Alias="[o]" Column="Total"></ColumnReference></OutputList><RunTimeInformation><RunTimeCountersPerThread Thread="0" ActualRows="20" Batches="0" ActualElapsedms="0" ActualCPUms="0" ActualScans="0" ActualLogicalReads="20" ActualPhysicalReads="0" ActualReadAheads="0" ActualLobLogicalReads="0" ActualLobPhysicalReads="0" ActualLobReadAheads="0" ActualRowsRead="20" ActualEndOfScans="0" ActualExecutions="20" ActualExecutionMode="Row"></RunTimeCountersPerThread></RunTimeInformation><IndexScan Lookup="1" Ordered="1" ScanDirection="FORWARD" ForcedIndex="0" ForceSeek="0" ForceScan="0" NoExpandHint="0" Storage="RowStore"><DefinedValues><DefinedValue><ColumnReference Database="[sushiDB]" Schema="[dbo]" Table="[Orders]" Alias="[o]" Column="Total"></ColumnReference></DefinedValue></DefinedValues><Object Database="[sushiDB]" Schema="[dbo]" Table="[Orders]" Index="[PK_Orders]" Alias="[o]" TableReferenceId="-1" IndexKind="Clustered" Storage="RowStore"></Object><SeekPredicates><SeekPredicateNew><SeekKeys><Prefix ScanType="EQ"><RangeColumns><ColumnReference Database="[sushiDB]" Schema="[dbo]" Table="[Orders]" Alias="[o]" Column="Id"></ColumnReference></RangeColumns><RangeExpressions><ScalarOperator ScalarString="[sushiDB].[dbo].[Orders].[Id] as [o].[Id]"><Identifier><ColumnReference Database="[sushiDB]" Schema="[dbo]" Table="[Orders]" Alias="[o]" Column="Id"></ColumnReference></Identifier></ScalarOperator></RangeExpressions></Prefix></SeekKeys></SeekPredicateNew></SeekPredicates></IndexScan></RelOp></NestedLoops></RelOp><RelOp NodeId="14" PhysicalOp="Clustered Index Seek" LogicalOp="Clustered Index Seek" EstimateRows="1" EstimatedRowsRead="1" EstimateIO="0.003125" EstimateCPU="0.0001581" AvgRowSize="11" EstimatedTotalSubtreeCost="0.0185727" TableCardinality="150" Parallel="0" EstimateRebinds="76.6607" EstimateRewinds="0.281767" EstimatedExecutionMode="Row"><OutputList><ColumnReference Database="[sushiDB]" Schema="[dbo]" Table="[TableDetail]" Alias="[td]" Column="TableNumber"></ColumnReference></OutputList><RunTimeInformation><RunTimeCountersPerThread Thread="0" ActualRows="20" Batches="0" ActualElapsedms="0" ActualCPUms="0" ActualScans="0" ActualLogicalReads="40" ActualPhysicalReads="3" ActualReadAheads="0" ActualLobLogicalReads="0" ActualLobPhysicalReads="0" ActualLobReadAheads="0" ActualRowsRead="20" ActualEndOfScans="0" ActualExecutions="20" ActualExecutionMode="Row"></RunTimeCountersPerThread></RunTimeInformation><IndexScan Ordered="1" ScanDirection="FORWARD" ForcedIndex="0" ForceSeek="0" ForceScan="0" NoExpandHint="0" Storage="RowStore"><DefinedValues><DefinedValue><ColumnReference Database="[sushiDB]" Schema="[dbo]" Table="[TableDetail]" Alias="[td]" Column="TableNumber"></ColumnReference></DefinedValue></DefinedValues><Object Database="[sushiDB]" Schema="[dbo]" Table="[TableDetail]" Index="[PK_TableDetail]" Alias="[td]" IndexKind="Clustered" Storage="RowStore"></Object><SeekPredicates><SeekPredicateNew><SeekKeys><Prefix ScanType="EQ"><RangeColumns><ColumnReference Database="[sushiDB]" Schema="[dbo]" Table="[TableDetail]" Alias="[td]" Column="Id"></ColumnReference></RangeColumns><RangeExpressions><ScalarOperator ScalarString="[sushiDB].[dbo].[Reservation].[TableId] as [r].[TableId]"><Identifier><ColumnReference Database="[sushiDB]" Schema="[dbo]" Table="[Reservation]" Alias="[r]" Column="TableId"></ColumnReference></Identifier></ScalarOperator></RangeExpressions></Prefix></SeekKeys></SeekPredicateNew></SeekPredicates></IndexScan></RelOp></NestedLoops></RelOp></NestedLoops></RelOp><ParameterList><ColumnReference Column="@dateOn" ParameterDataType="date" ParameterCompiledValue="&apos;2024-01-30&apos;" ParameterRuntimeValue="&apos;2024-01-30&apos;"></ColumnReference><ColumnReference Column="@branchId" ParameterDataType="uniqueidentifier" ParameterCompiledValue="{guid&apos;E69EFF34-6B46-4036-9DB9-0B66ED24339E&apos;}" ParameterRuntimeValue="{guid&apos;E69EFF34-6B46-4036-9DB9-0B66ED24339E&apos;}"></ColumnReference></ParameterList></QueryPlan></StmtSimple></Statements></Batch></BatchSequence></ShowPlanXML>