<ShowPlanXML xmlns="http://schemas.microsoft.com/sqlserver/2004/07/showplan" Version="1.564" Build="16.0.1135.2"><BatchSequence><Batch><Statements><StmtSimple StatementText="SELECT &#xd;&#xa;        od.Id AS OrderDishId,&#xd;&#xa;        od.Price AS Price,&#xd;&#xa;        od.Quantity AS Quantity,&#xd;&#xa;        od.DishId AS DishId,&#xd;&#xa;        d.DishName AS DishName&#xd;&#xa;    FROM OrderDetail od&#xd;&#xa;    JOIN Orders o ON o.Id = od.OrderId  &#xd;&#xa;    JOIN Dishes d ON d.DishId = od.DishId&#xd;&#xa;    WHERE o.ReservationId = @reservationId" StatementId="1" StatementCompId="3" StatementType="SELECT" StatementSqlHandle="0x0900AA94B40D7FACA6F4BACE182DE90CC58C0000000000000000000000000000000000000000000000000000" DatabaseContextSettingsId="6" ParentObjectId="482100758" StatementParameterizationType="0" RetrievedFromCache="true" StatementSubTreeCost="0.0221123" StatementEstRows="4.50065" SecurityPolicyApplied="false" StatementOptmLevel="FULL" QueryHash="0xB0F22CC16DE61AD0" QueryPlanHash="0xC4FEA50D43D139B9" StatementOptmEarlyAbortReason="GoodEnoughPlanFound" CardinalityEstimationModelVersion="160"><StatementSetOptions QUOTED_IDENTIFIER="true" ARITHABORT="true" CONCAT_NULL_YIELDS_NULL="true" ANSI_NULLS="true" ANSI_PADDING="true" ANSI_WARNINGS="true" NUMERIC_ROUNDABORT="false"></StatementSetOptions><QueryPlan DegreeOfParallelism="0" NonParallelPlanReason="NoParallelPlansInDesktopOrExpressEdition" CachedPlanSize="40" CompileTime="1" CompileCPU="1" CompileMemory="408"><MemoryGrantInfo SerialRequiredMemory="0" SerialDesiredMemory="0" GrantedMemory="0" MaxUsedMemory="0"></MemoryGrantInfo><OptimizerHardwareDependentProperties EstimatedAvailableMemoryGrant="208921" EstimatedPagesCached="104460" EstimatedAvailableDegreeOfParallelism="4" MaxCompileMemory="3323080"></OptimizerHardwareDependentProperties><OptimizerStatsUsage><StatisticsInfo LastUpdate="2024-11-30T23:18:00.34" ModificationCount="0" SamplingPercent="18.0172" Statistics="[_WA_Sys_00000005_07C12930]" Table="[OrderDetail]" Schema="[dbo]" Database="[sushiDB]"></StatisticsInfo><StatisticsInfo LastUpdate="2024-11-30T20:44:58.76" ModificationCount="0" SamplingPercent="84.2724" Statistics="[IX_Orders_ReservationId]" Table="[Orders]" Schema="[dbo]" Database="[sushiDB]"></StatisticsInfo><StatisticsInfo LastUpdate="2024-11-30T20:44:58.84" ModificationCount="0" SamplingPercent="85.4135" Statistics="[PK_Orders]" Table="[Orders]" Schema="[dbo]" Database="[sushiDB]"></StatisticsInfo><StatisticsInfo LastUpdate="2024-11-30T23:18:00.34" ModificationCount="0" SamplingPercent="100" Statistics="[PK_Dishes]" Table="[Dishes]" Schema="[dbo]" Database="[sushiDB]"></StatisticsInfo><StatisticsInfo LastUpdate="2024-12-13T00:44:30.73" ModificationCount="0" SamplingPercent="100" Statistics="[IX_OrderDetail_OrderId]" Table="[OrderDetail]" Schema="[dbo]" Database="[sushiDB]"></StatisticsInfo></OptimizerStatsUsage><TraceFlags IsCompileTime="1"><TraceFlag Value="8017" Scope="Global"></TraceFlag></TraceFlags><TraceFlags IsCompileTime="0"><TraceFlag Value="8017" Scope="Global"></TraceFlag></TraceFlags><QueryTimeStats ElapsedTime="0" CpuTime="0"></QueryTimeStats><RelOp NodeId="0" PhysicalOp="Nested Loops" LogicalOp="Inner Join" EstimateRows="4.50065" EstimateIO="0" EstimateCPU="1.88127e-05" AvgRowSize="4083" EstimatedTotalSubtreeCost="0.0221123" Parallel="0" EstimateRebinds="0" EstimateRewinds="0" EstimatedExecutionMode="Row"><OutputList><ColumnReference Database="[sushiDB]" Schema="[dbo]" Table="[OrderDetail]" Alias="[od]" Column="Id"></ColumnReference><ColumnReference Database="[sushiDB]" Schema="[dbo]" Table="[OrderDetail]" Alias="[od]" Column="Price"></ColumnReference><ColumnReference Database="[sushiDB]" Schema="[dbo]" Table="[OrderDetail]" Alias="[od]" Column="Quantity"></ColumnReference><ColumnReference Database="[sushiDB]" Schema="[dbo]" Table="[OrderDetail]" Alias="[od]" Column="DishId"></ColumnReference><ColumnReference Database="[sushiDB]" Schema="[dbo]" Table="[Dishes]" Alias="[d]" Column="DishName"></ColumnReference></OutputList><RunTimeInformation><RunTimeCountersPerThread Thread="0" ActualRows="5" Batches="0" ActualElapsedms="0" ActualCPUms="0" ActualEndOfScans="1" ActualExecutions="1" ActualExecutionMode="Row"></RunTimeCountersPerThread></RunTimeInformation><NestedLoops Optimized="0"><OuterReferences><ColumnReference Database="[sushiDB]" Schema="[dbo]" Table="[OrderDetail]" Alias="[od]" Column="DishId"></ColumnReference></OuterReferences><RelOp NodeId="1" PhysicalOp="Nested Loops" LogicalOp="Inner Join" EstimateRows="4.50065" EstimateIO="0" EstimateCPU="1.88127e-05" AvgRowSize="55" EstimatedTotalSubtreeCost="0.0182569" Parallel="0" EstimateRebinds="0" EstimateRewinds="0" EstimatedExecutionMode="Row"><OutputList><ColumnReference Database="[sushiDB]" Schema="[dbo]" Table="[OrderDetail]" Alias="[od]" Column="Id"></ColumnReference><ColumnReference Database="[sushiDB]" Schema="[dbo]" Table="[OrderDetail]" Alias="[od]" Column="Price"></ColumnReference><ColumnReference Database="[sushiDB]" Schema="[dbo]" Table="[OrderDetail]" Alias="[od]" Column="Quantity"></ColumnReference><ColumnReference Database="[sushiDB]" Schema="[dbo]" Table="[OrderDetail]" Alias="[od]" Column="DishId"></ColumnReference></OutputList><RunTimeInformation><RunTimeCountersPerThread Thread="0" ActualRows="5" Batches="0" ActualElapsedms="0" ActualCPUms="0" ActualEndOfScans="1" ActualExecutions="1" ActualExecutionMode="Row"></RunTimeCountersPerThread></RunTimeInformation><NestedLoops Optimized="0"><OuterReferences><ColumnReference Database="[sushiDB]" Schema="[dbo]" Table="[OrderDetail]" Alias="[od]" Column="Id"></ColumnReference></OuterReferences><RelOp NodeId="2" PhysicalOp="Nested Loops" LogicalOp="Inner Join" EstimateRows="4.50065" EstimateIO="0" EstimateCPU="1.88127e-05" AvgRowSize="23" EstimatedTotalSubtreeCost="0.00658887" Parallel="0" EstimateRebinds="0" EstimateRewinds="0" EstimatedExecutionMode="Row"><OutputList><ColumnReference Database="[sushiDB]" Schema="[dbo]" Table="[OrderDetail]" Alias="[od]" Column="Id"></ColumnReference></OutputList><RunTimeInformation><RunTimeCountersPerThread Thread="0" ActualRows="5" Batches="0" ActualElapsedms="0" ActualCPUms="0" ActualEndOfScans="1" ActualExecutions="1" ActualExecutionMode="Row"></RunTimeCountersPerThread></RunTimeInformation><NestedLoops Optimized="0"><OuterReferences><ColumnReference Database="[sushiDB]" Schema="[dbo]" Table="[Orders]" Alias="[o]" Column="Id"></ColumnReference></OuterReferences><RelOp NodeId="3" PhysicalOp="Index Seek" LogicalOp="Index Seek" EstimateRows="1.00006" EstimatedRowsRead="1.00006" EstimateIO="0.003125" EstimateCPU="0.0001581" AvgRowSize="23" EstimatedTotalSubtreeCost="0.0032831" TableCardinality="99990" Parallel="0" EstimateRebinds="0" EstimateRewinds="0" EstimatedExecutionMode="Row"><OutputList><ColumnReference Database="[sushiDB]" Schema="[dbo]" Table="[Orders]" Alias="[o]" Column="Id"></ColumnReference></OutputList><RunTimeInformation><RunTimeCountersPerThread Thread="0" ActualRows="1" Batches="0" ActualElapsedms="0" ActualCPUms="0" ActualScans="1" ActualLogicalReads="3" ActualPhysicalReads="0" ActualReadAheads="0" ActualLobLogicalReads="0" ActualLobPhysicalReads="0" ActualLobReadAheads="0" ActualRowsRead="1" ActualEndOfScans="1" ActualExecutions="1" ActualExecutionMode="Row"></RunTimeCountersPerThread></RunTimeInformation><IndexScan Ordered="1" ScanDirection="FORWARD" ForcedIndex="0" ForceSeek="0" ForceScan="0" NoExpandHint="0" Storage="RowStore"><DefinedValues><DefinedValue><ColumnReference Database="[sushiDB]" Schema="[dbo]" Table="[Orders]" Alias="[o]" Column="Id"></ColumnReference></DefinedValue></DefinedValues><Object Database="[sushiDB]" Schema="[dbo]" Table="[Orders]" Index="[IX_Orders_ReservationId]" Alias="[o]" IndexKind="NonClustered" Storage="RowStore"></Object><SeekPredicates><SeekPredicateNew><SeekKeys><Prefix ScanType="EQ"><RangeColumns><ColumnReference Database="[sushiDB]" Schema="[dbo]" Table="[Orders]" Alias="[o]" Column="ReservationId"></ColumnReference></RangeColumns><RangeExpressions><ScalarOperator ScalarString="[@reservationId]"><Identifier><ColumnReference Column="@reservationId"></ColumnReference></Identifier></ScalarOperator></RangeExpressions></Prefix></SeekKeys></SeekPredicateNew></SeekPredicates></IndexScan></RelOp><RelOp NodeId="4" PhysicalOp="Index Seek" LogicalOp="Index Seek" EstimateRows="4.50037" EstimatedRowsRead="4.50037" EstimateIO="0.003125" EstimateCPU="0.00016195" AvgRowSize="23" EstimatedTotalSubtreeCost="0.00328696" TableCardinality="449992" Parallel="0" EstimateRebinds="6.29457e-05" EstimateRewinds="0" EstimatedExecutionMode="Row"><OutputList><ColumnReference Database="[sushiDB]" Schema="[dbo]" Table="[OrderDetail]" Alias="[od]" Column="Id"></ColumnReference></OutputList><RunTimeInformation><RunTimeCountersPerThread Thread="0" ActualRows="5" Batches="0" ActualElapsedms="0" ActualCPUms="0" ActualScans="1" ActualLogicalReads="3" ActualPhysicalReads="0" ActualReadAheads="0" ActualLobLogicalReads="0" ActualLobPhysicalReads="0" ActualLobReadAheads="0" ActualRowsRead="5" ActualEndOfScans="1" ActualExecutions="1" ActualExecutionMode="Row"></RunTimeCountersPerThread></RunTimeInformation><IndexScan Ordered="1" ScanDirection="FORWARD" ForcedIndex="0" ForceSeek="0" ForceScan="0" NoExpandHint="0" Storage="RowStore"><DefinedValues><DefinedValue><ColumnReference Database="[sushiDB]" Schema="[dbo]" Table="[OrderDetail]" Alias="[od]" Column="Id"></ColumnReference></DefinedValue></DefinedValues><Object Database="[sushiDB]" Schema="[dbo]" Table="[OrderDetail]" Index="[IX_OrderDetail_OrderId]" Alias="[od]" IndexKind="NonClustered" Storage="RowStore"></Object><SeekPredicates><SeekPredicateNew><SeekKeys><Prefix ScanType="EQ"><RangeColumns><ColumnReference Database="[sushiDB]" Schema="[dbo]" Table="[OrderDetail]" Alias="[od]" Column="OrderId"></ColumnReference></RangeColumns><RangeExpressions><ScalarOperator ScalarString="[sushiDB].[dbo].[Orders].[Id] as [o].[Id]"><Identifier><ColumnReference Database="[sushiDB]" Schema="[dbo]" Table="[Orders]" Alias="[o]" Column="Id"></ColumnReference></Identifier></ScalarOperator></RangeExpressions></Prefix></SeekKeys></SeekPredicateNew></SeekPredicates></IndexScan></RelOp></NestedLoops></RelOp><RelOp NodeId="6" PhysicalOp="Clustered Index Seek" LogicalOp="Clustered Index Seek" EstimateRows="1" EstimateIO="0.003125" EstimateCPU="0.0001581" AvgRowSize="39" EstimatedTotalSubtreeCost="0.0116492" TableCardinality="449992" Parallel="0" EstimateRebinds="3.50065" EstimateRewinds="0" EstimatedExecutionMode="Row"><OutputList><ColumnReference Database="[sushiDB]" Schema="[dbo]" Table="[OrderDetail]" Alias="[od]" Column="Price"></ColumnReference><ColumnReference Database="[sushiDB]" Schema="[dbo]" Table="[OrderDetail]" Alias="[od]" Column="Quantity"></ColumnReference><ColumnReference Database="[sushiDB]" Schema="[dbo]" Table="[OrderDetail]" Alias="[od]" Column="DishId"></ColumnReference></OutputList><RunTimeInformation><RunTimeCountersPerThread Thread="0" ActualRows="5" Batches="0" ActualElapsedms="0" ActualCPUms="0" ActualScans="0" ActualLogicalReads="15" ActualPhysicalReads="0" ActualReadAheads="0" ActualLobLogicalReads="0" ActualLobPhysicalReads="0" ActualLobReadAheads="0" ActualRowsRead="5" ActualEndOfScans="0" ActualExecutions="5" ActualExecutionMode="Row"></RunTimeCountersPerThread></RunTimeInformation><IndexScan Lookup="1" Ordered="1" ScanDirection="FORWARD" ForcedIndex="0" ForceSeek="0" ForceScan="0" NoExpandHint="0" Storage="RowStore"><DefinedValues><DefinedValue><ColumnReference Database="[sushiDB]" Schema="[dbo]" Table="[OrderDetail]" Alias="[od]" Column="Price"></ColumnReference></DefinedValue><DefinedValue><ColumnReference Database="[sushiDB]" Schema="[dbo]" Table="[OrderDetail]" Alias="[od]" Column="Quantity"></ColumnReference></DefinedValue><DefinedValue><ColumnReference Database="[sushiDB]" Schema="[dbo]" Table="[OrderDetail]" Alias="[od]" Column="DishId"></ColumnReference></DefinedValue></DefinedValues><Object Database="[sushiDB]" Schema="[dbo]" Table="[OrderDetail]" Index="[PK_OrderDetail]" Alias="[od]" TableReferenceId="-1" IndexKind="Clustered" Storage="RowStore"></Object><SeekPredicates><SeekPredicateNew><SeekKeys><Prefix ScanType="EQ"><RangeColumns><ColumnReference Database="[sushiDB]" Schema="[dbo]" Table="[OrderDetail]" Alias="[od]" Column="Id"></ColumnReference></RangeColumns><RangeExpressions><ScalarOperator ScalarString="[sushiDB].[dbo].[OrderDetail].[Id] as [od].[Id]"><Identifier><ColumnReference Database="[sushiDB]" Schema="[dbo]" Table="[OrderDetail]" Alias="[od]" Column="Id"></ColumnReference></Identifier></ScalarOperator></RangeExpressions></Prefix></SeekKeys></SeekPredicateNew></SeekPredicates></IndexScan></RelOp></NestedLoops></RelOp><RelOp NodeId="7" PhysicalOp="Clustered Index Seek" LogicalOp="Clustered Index Seek" EstimateRows="1" EstimatedRowsRead="1" EstimateIO="0.003125" EstimateCPU="0.0001581" AvgRowSize="4035" EstimatedTotalSubtreeCost="0.00383655" TableCardinality="80" Parallel="0" EstimateRebinds="3.47851" EstimateRewinds="0.0221393" EstimatedExecutionMode="Row"><OutputList><ColumnReference Database="[sushiDB]" Schema="[dbo]" Table="[Dishes]" Alias="[d]" Column="DishName"></ColumnReference></OutputList><RunTimeInformation><RunTimeCountersPerThread Thread="0" ActualRows="5" Batches="0" ActualElapsedms="0" ActualCPUms="0" ActualScans="0" ActualLogicalReads="10" ActualPhysicalReads="0" ActualReadAheads="0" ActualLobLogicalReads="0" ActualLobPhysicalReads="0" ActualLobReadAheads="0" ActualRowsRead="5" ActualEndOfScans="0" ActualExecutions="5" ActualExecutionMode="Row"></RunTimeCountersPerThread></RunTimeInformation><IndexScan Ordered="1" ScanDirection="FORWARD" ForcedIndex="0" ForceSeek="0" ForceScan="0" NoExpandHint="0" Storage="RowStore"><DefinedValues><DefinedValue><ColumnReference Database="[sushiDB]" Schema="[dbo]" Table="[Dishes]" Alias="[d]" Column="DishName"></ColumnReference></DefinedValue></DefinedValues><Object Database="[sushiDB]" Schema="[dbo]" Table="[Dishes]" Index="[PK_Dishes]" Alias="[d]" IndexKind="Clustered" Storage="RowStore"></Object><SeekPredicates><SeekPredicateNew><SeekKeys><Prefix ScanType="EQ"><RangeColumns><ColumnReference Database="[sushiDB]" Schema="[dbo]" Table="[Dishes]" Alias="[d]" Column="DishId"></ColumnReference></RangeColumns><RangeExpressions><ScalarOperator ScalarString="[sushiDB].[dbo].[OrderDetail].[DishId] as [od].[DishId]"><Identifier><ColumnReference Database="[sushiDB]" Schema="[dbo]" Table="[OrderDetail]" Alias="[od]" Column="DishId"></ColumnReference></Identifier></ScalarOperator></RangeExpressions></Prefix></SeekKeys></SeekPredicateNew></SeekPredicates></IndexScan></RelOp></NestedLoops></RelOp><ParameterList><ColumnReference Column="@reservationId" ParameterDataType="uniqueidentifier" ParameterCompiledValue="{guid&apos;F9F51D72-39D5-4ADB-8ADC-04A9C74487A6&apos;}" ParameterRuntimeValue="{guid&apos;F9F51D72-39D5-4ADB-8ADC-04A9C74487A6&apos;}"></ColumnReference></ParameterList></QueryPlan></StmtSimple></Statements></Batch></BatchSequence></ShowPlanXML>