<ShowPlanXML xmlns="http://schemas.microsoft.com/sqlserver/2004/07/showplan" Version="1.564" Build="16.0.1135.2"><BatchSequence><Batch><Statements><StmtSimple StatementText="SELECT &#xd;&#xa;        od.Id AS OrderDishId,&#xd;&#xa;        od.Price AS Price,&#xd;&#xa;        od.Quantity AS Quantity,&#xd;&#xa;        od.DishId AS DishId,&#xd;&#xa;        d.DishName AS DishName&#xd;&#xa;    FROM OrderDetail od&#xd;&#xa;    JOIN Orders o ON o.Id = od.OrderId  &#xd;&#xa;    JOIN Dishes d ON d.DishId = od.DishId&#xd;&#xa;    WHERE o.ReservationId = @reservationId" StatementId="1" StatementCompId="3" StatementType="SELECT" StatementSqlHandle="0x0900AA94B40D7FACA6F4BACE182DE90CC58C0000000000000000000000000000000000000000000000000000" DatabaseContextSettingsId="6" ParentObjectId="482100758" StatementParameterizationType="0" RetrievedFromCache="true" StatementSubTreeCost="8.92631" StatementEstRows="3.76145" SecurityPolicyApplied="false" StatementOptmLevel="FULL" QueryHash="0xB0F22CC16DE61AD0" QueryPlanHash="0xD8D94D5E8845EFB7" CardinalityEstimationModelVersion="160"><StatementSetOptions QUOTED_IDENTIFIER="true" ARITHABORT="true" CONCAT_NULL_YIELDS_NULL="true" ANSI_NULLS="true" ANSI_PADDING="true" ANSI_WARNINGS="true" NUMERIC_ROUNDABORT="false"></StatementSetOptions><QueryPlan DegreeOfParallelism="0" MemoryGrant="1392" NonParallelPlanReason="NoParallelPlansInDesktopOrExpressEdition" CachedPlanSize="56" CompileTime="3" CompileCPU="3" CompileMemory="440"><MissingIndexes><MissingIndexGroup Impact="99.8781"><MissingIndex Database="[sushiDB]" Schema="[dbo]" Table="[OrderDetail]"><ColumnGroup Usage="EQUALITY"><Column Name="[OrderId]" ColumnId="6"></Column></ColumnGroup><ColumnGroup Usage="INCLUDE"><Column Name="[Price]" ColumnId="3"></Column><Column Name="[Quantity]" ColumnId="4"></Column><Column Name="[DishId]" ColumnId="5"></Column></ColumnGroup></MissingIndex></MissingIndexGroup></MissingIndexes><MemoryGrantInfo SerialRequiredMemory="1024" SerialDesiredMemory="1392" RequiredMemory="1024" DesiredMemory="1392" RequestedMemory="1392" GrantWaitTime="0" MaxQueryMemory="799648" GrantedMemory="1392" MaxUsedMemory="136"></MemoryGrantInfo><OptimizerHardwareDependentProperties EstimatedAvailableMemoryGrant="208921" EstimatedPagesCached="104460" EstimatedAvailableDegreeOfParallelism="4" MaxCompileMemory="3197624"></OptimizerHardwareDependentProperties><OptimizerStatsUsage><StatisticsInfo LastUpdate="2024-11-30T23:18:00.34" ModificationCount="0" SamplingPercent="18.0172" Statistics="[_WA_Sys_00000005_07C12930]" Table="[OrderDetail]" Schema="[dbo]" Database="[sushiDB]"></StatisticsInfo><StatisticsInfo LastUpdate="2024-12-13T00:32:38.88" ModificationCount="0" SamplingPercent="18.0172" Statistics="[_WA_Sys_00000006_07C12930]" Table="[OrderDetail]" Schema="[dbo]" Database="[sushiDB]"></StatisticsInfo><StatisticsInfo LastUpdate="2024-11-30T20:44:58.76" ModificationCount="0" SamplingPercent="84.2724" Statistics="[IX_Orders_ReservationId]" Table="[Orders]" Schema="[dbo]" Database="[sushiDB]"></StatisticsInfo><StatisticsInfo LastUpdate="2024-11-30T20:44:58.84" ModificationCount="0" SamplingPercent="85.4135" Statistics="[PK_Orders]" Table="[Orders]" Schema="[dbo]" Database="[sushiDB]"></StatisticsInfo><StatisticsInfo LastUpdate="2024-11-30T23:18:00.34" ModificationCount="0" SamplingPercent="100" Statistics="[PK_Dishes]" Table="[Dishes]" Schema="[dbo]" Database="[sushiDB]"></StatisticsInfo></OptimizerStatsUsage><TraceFlags IsCompileTime="1"><TraceFlag Value="8017" Scope="Global"></TraceFlag></TraceFlags><TraceFlags IsCompileTime="0"><TraceFlag Value="8017" Scope="Global"></TraceFlag></TraceFlags><WaitStats><Wait WaitType="SOS_SCHEDULER_YIELD" WaitTimeMs="1" WaitCount="28"></Wait></WaitStats><QueryTimeStats ElapsedTime="113" CpuTime="112"></QueryTimeStats><RelOp NodeId="0" PhysicalOp="Nested Loops" LogicalOp="Inner Join" EstimateRows="3.76145" EstimateIO="0" EstimateCPU="1.57228e-05" AvgRowSize="4083" EstimatedTotalSubtreeCost="8.92631" Parallel="0" EstimateRebinds="0" EstimateRewinds="0" EstimatedExecutionMode="Row"><OutputList><ColumnReference Database="[sushiDB]" Schema="[dbo]" Table="[OrderDetail]" Alias="[od]" Column="Id"></ColumnReference><ColumnReference Database="[sushiDB]" Schema="[dbo]" Table="[OrderDetail]" Alias="[od]" Column="Price"></ColumnReference><ColumnReference Database="[sushiDB]" Schema="[dbo]" Table="[OrderDetail]" Alias="[od]" Column="Quantity"></ColumnReference><ColumnReference Database="[sushiDB]" Schema="[dbo]" Table="[OrderDetail]" Alias="[od]" Column="DishId"></ColumnReference><ColumnReference Database="[sushiDB]" Schema="[dbo]" Table="[Dishes]" Alias="[d]" Column="DishName"></ColumnReference></OutputList><RunTimeInformation><RunTimeCountersPerThread Thread="0" ActualRows="5" Batches="0" ActualElapsedms="113" ActualCPUms="112" ActualEndOfScans="1" ActualExecutions="1" ActualExecutionMode="Row"></RunTimeCountersPerThread></RunTimeInformation><NestedLoops Optimized="0"><OuterReferences><ColumnReference Database="[sushiDB]" Schema="[dbo]" Table="[OrderDetail]" Alias="[od]" Column="DishId"></ColumnReference></OuterReferences><RelOp NodeId="1" PhysicalOp="Hash Match" LogicalOp="Inner Join" EstimateRows="3.76145" EstimateIO="0" EstimateCPU="2.9588" AvgRowSize="55" EstimatedTotalSubtreeCost="8.92258" Parallel="0" EstimateRebinds="0" EstimateRewinds="0" EstimatedExecutionMode="Row"><OutputList><ColumnReference Database="[sushiDB]" Schema="[dbo]" Table="[OrderDetail]" Alias="[od]" Column="Id"></ColumnReference><ColumnReference Database="[sushiDB]" Schema="[dbo]" Table="[OrderDetail]" Alias="[od]" Column="Price"></ColumnReference><ColumnReference Database="[sushiDB]" Schema="[dbo]" Table="[OrderDetail]" Alias="[od]" Column="Quantity"></ColumnReference><ColumnReference Database="[sushiDB]" Schema="[dbo]" Table="[OrderDetail]" Alias="[od]" Column="DishId"></ColumnReference></OutputList><MemoryFractions Input="1" Output="1"></MemoryFractions><RunTimeInformation><RunTimeCountersPerThread Thread="0" ActualRows="5" Batches="0" ActualElapsedms="113" ActualCPUms="112" ActualScans="0" ActualLogicalReads="0" ActualPhysicalReads="0" ActualReadAheads="0" ActualLobLogicalReads="0" ActualLobPhysicalReads="0" ActualLobReadAheads="0" ActualEndOfScans="1" ActualExecutions="1" InputMemoryGrant="1392" OutputMemoryGrant="1392" UsedMemoryGrant="136" ActualExecutionMode="Row"></RunTimeCountersPerThread></RunTimeInformation><Hash><DefinedValues></DefinedValues><HashKeysBuild><ColumnReference Database="[sushiDB]" Schema="[dbo]" Table="[Orders]" Alias="[o]" Column="Id"></ColumnReference></HashKeysBuild><HashKeysProbe><ColumnReference Database="[sushiDB]" Schema="[dbo]" Table="[OrderDetail]" Alias="[od]" Column="OrderId"></ColumnReference></HashKeysProbe><ProbeResidual><ScalarOperator ScalarString="[sushiDB].[dbo].[Orders].[Id] as [o].[Id]=[sushiDB].[dbo].[OrderDetail].[OrderId] as [od].[OrderId]"><Compare CompareOp="EQ"><ScalarOperator><Identifier><ColumnReference Database="[sushiDB]" Schema="[dbo]" Table="[Orders]" Alias="[o]" Column="Id"></ColumnReference></Identifier></ScalarOperator><ScalarOperator><Identifier><ColumnReference Database="[sushiDB]" Schema="[dbo]" Table="[OrderDetail]" Alias="[od]" Column="OrderId"></ColumnReference></Identifier></ScalarOperator></Compare></ScalarOperator></ProbeResidual><RelOp NodeId="2" PhysicalOp="Index Seek" LogicalOp="Index Seek" EstimateRows="1.00006" EstimatedRowsRead="1.00006" EstimateIO="0.003125" EstimateCPU="0.0001581" AvgRowSize="23" EstimatedTotalSubtreeCost="0.0032831" TableCardinality="99990" Parallel="0" EstimateRebinds="0" EstimateRewinds="0" EstimatedExecutionMode="Row"><OutputList><ColumnReference Database="[sushiDB]" Schema="[dbo]" Table="[Orders]" Alias="[o]" Column="Id"></ColumnReference></OutputList><RunTimeInformation><RunTimeCountersPerThread Thread="0" ActualRows="1" Batches="0" ActualElapsedms="0" ActualCPUms="0" ActualScans="1" ActualLogicalReads="3" ActualPhysicalReads="0" ActualReadAheads="0" ActualLobLogicalReads="0" ActualLobPhysicalReads="0" ActualLobReadAheads="0" ActualRowsRead="1" ActualEndOfScans="1" ActualExecutions="1" ActualExecutionMode="Row"></RunTimeCountersPerThread></RunTimeInformation><IndexScan Ordered="1" ScanDirection="FORWARD" ForcedIndex="0" ForceSeek="0" ForceScan="0" NoExpandHint="0" Storage="RowStore"><DefinedValues><DefinedValue><ColumnReference Database="[sushiDB]" Schema="[dbo]" Table="[Orders]" Alias="[o]" Column="Id"></ColumnReference></DefinedValue></DefinedValues><Object Database="[sushiDB]" Schema="[dbo]" Table="[Orders]" Index="[IX_Orders_ReservationId]" Alias="[o]" IndexKind="NonClustered" Storage="RowStore"></Object><SeekPredicates><SeekPredicateNew><SeekKeys><Prefix ScanType="EQ"><RangeColumns><ColumnReference Database="[sushiDB]" Schema="[dbo]" Table="[Orders]" Alias="[o]" Column="ReservationId"></ColumnReference></RangeColumns><RangeExpressions><ScalarOperator ScalarString="[@reservationId]"><Identifier><ColumnReference Column="@reservationId"></ColumnReference></Identifier></ScalarOperator></RangeExpressions></Prefix></SeekKeys></SeekPredicateNew></SeekPredicates></IndexScan></RelOp><RelOp NodeId="3" PhysicalOp="Clustered Index Scan" LogicalOp="Clustered Index Scan" EstimateRows="449992" EstimatedRowsRead="449992" EstimateIO="5.46535" EstimateCPU="0.495148" AvgRowSize="71" EstimatedTotalSubtreeCost="5.9605" TableCardinality="449992" Parallel="0" EstimateRebinds="0" EstimateRewinds="0" EstimatedExecutionMode="Row"><OutputList><ColumnReference Database="[sushiDB]" Schema="[dbo]" Table="[OrderDetail]" Alias="[od]" Column="Id"></ColumnReference><ColumnReference Database="[sushiDB]" Schema="[dbo]" Table="[OrderDetail]" Alias="[od]" Column="Price"></ColumnReference><ColumnReference Database="[sushiDB]" Schema="[dbo]" Table="[OrderDetail]" Alias="[od]" Column="Quantity"></ColumnReference><ColumnReference Database="[sushiDB]" Schema="[dbo]" Table="[OrderDetail]" Alias="[od]" Column="DishId"></ColumnReference><ColumnReference Database="[sushiDB]" Schema="[dbo]" Table="[OrderDetail]" Alias="[od]" Column="OrderId"></ColumnReference></OutputList><RunTimeInformation><RunTimeCountersPerThread Thread="0" ActualRows="449992" Batches="0" ActualElapsedms="71" ActualCPUms="71" ActualScans="1" ActualLogicalReads="7409" ActualPhysicalReads="0" ActualReadAheads="0" ActualLobLogicalReads="0" ActualLobPhysicalReads="0" ActualLobReadAheads="0" ActualRowsRead="449992" ActualEndOfScans="1" ActualExecutions="1" ActualExecutionMode="Row"></RunTimeCountersPerThread></RunTimeInformation><IndexScan Ordered="0" ForcedIndex="0" ForceScan="0" NoExpandHint="0" Storage="RowStore"><DefinedValues><DefinedValue><ColumnReference Database="[sushiDB]" Schema="[dbo]" Table="[OrderDetail]" Alias="[od]" Column="Id"></ColumnReference></DefinedValue><DefinedValue><ColumnReference Database="[sushiDB]" Schema="[dbo]" Table="[OrderDetail]" Alias="[od]" Column="Price"></ColumnReference></DefinedValue><DefinedValue><ColumnReference Database="[sushiDB]" Schema="[dbo]" Table="[OrderDetail]" Alias="[od]" Column="Quantity"></ColumnReference></DefinedValue><DefinedValue><ColumnReference Database="[sushiDB]" Schema="[dbo]" Table="[OrderDetail]" Alias="[od]" Column="DishId"></ColumnReference></DefinedValue><DefinedValue><ColumnReference Database="[sushiDB]" Schema="[dbo]" Table="[OrderDetail]" Alias="[od]" Column="OrderId"></ColumnReference></DefinedValue></DefinedValues><Object Database="[sushiDB]" Schema="[dbo]" Table="[OrderDetail]" Index="[PK_OrderDetail]" Alias="[od]" IndexKind="Clustered" Storage="RowStore"></Object></IndexScan></RelOp></Hash></RelOp><RelOp NodeId="4" PhysicalOp="Clustered Index Seek" LogicalOp="Clustered Index Seek" EstimateRows="1" EstimatedRowsRead="1" EstimateIO="0.003125" EstimateCPU="0.0001581" AvgRowSize="4035" EstimatedTotalSubtreeCost="0.00371968" TableCardinality="80" Parallel="0" EstimateRebinds="2.74401" EstimateRewinds="0.0174342" EstimatedExecutionMode="Row"><OutputList><ColumnReference Database="[sushiDB]" Schema="[dbo]" Table="[Dishes]" Alias="[d]" Column="DishName"></ColumnReference></OutputList><RunTimeInformation><RunTimeCountersPerThread Thread="0" ActualRows="5" Batches="0" ActualElapsedms="0" ActualCPUms="0" ActualScans="0" ActualLogicalReads="10" ActualPhysicalReads="0" ActualReadAheads="0" ActualLobLogicalReads="0" ActualLobPhysicalReads="0" ActualLobReadAheads="0" ActualRowsRead="5" ActualEndOfScans="0" ActualExecutions="5" ActualExecutionMode="Row"></RunTimeCountersPerThread></RunTimeInformation><IndexScan Ordered="1" ScanDirection="FORWARD" ForcedIndex="0" ForceSeek="0" ForceScan="0" NoExpandHint="0" Storage="RowStore"><DefinedValues><DefinedValue><ColumnReference Database="[sushiDB]" Schema="[dbo]" Table="[Dishes]" Alias="[d]" Column="DishName"></ColumnReference></DefinedValue></DefinedValues><Object Database="[sushiDB]" Schema="[dbo]" Table="[Dishes]" Index="[PK_Dishes]" Alias="[d]" IndexKind="Clustered" Storage="RowStore"></Object><SeekPredicates><SeekPredicateNew><SeekKeys><Prefix ScanType="EQ"><RangeColumns><ColumnReference Database="[sushiDB]" Schema="[dbo]" Table="[Dishes]" Alias="[d]" Column="DishId"></ColumnReference></RangeColumns><RangeExpressions><ScalarOperator ScalarString="[sushiDB].[dbo].[OrderDetail].[DishId] as [od].[DishId]"><Identifier><ColumnReference Database="[sushiDB]" Schema="[dbo]" Table="[OrderDetail]" Alias="[od]" Column="DishId"></ColumnReference></Identifier></ScalarOperator></RangeExpressions></Prefix></SeekKeys></SeekPredicateNew></SeekPredicates></IndexScan></RelOp></NestedLoops></RelOp><ParameterList><ColumnReference Column="@reservationId" ParameterDataType="uniqueidentifier" ParameterCompiledValue="{guid&apos;F9F51D72-39D5-4ADB-8ADC-04A9C74487A6&apos;}" ParameterRuntimeValue="{guid&apos;F9F51D72-39D5-4ADB-8ADC-04A9C74487A6&apos;}"></ColumnReference></ParameterList></QueryPlan></StmtSimple></Statements></Batch></BatchSequence></ShowPlanXML>