<ShowPlanXML xmlns="http://schemas.microsoft.com/sqlserver/2004/07/showplan" Version="1.564" Build="16.0.1135.2"><BatchSequence><Batch><Statements><StmtSimple StatementText="SELECT &#xd;&#xa;            CAST(i.DatedOn AS DATE) AS RevenueDate,  -- Chỉ lấy ngày&#xd;&#xa;            SUM(i.AfterDiscount) AS TotalRevenue&#xd;&#xa;        FROM &#xd;&#xa;            Invoices i&#xd;&#xa;        JOIN &#xd;&#xa;            Orders o ON o.Id = i.OrderId&#xd;&#xa;        JOIN &#xd;&#xa;            Reservation r ON r.Id = o.ReservationId&#xd;&#xa;        WHERE &#xd;&#xa;            i.Paid = 1  -- Hóa đơn đã thanh toán&#xd;&#xa;            AND r.BranchId = @BranchId  -- Lọc theo BranchId&#xd;&#xa;            AND CAST(i.DatedOn AS DATE) &gt;= @StartDate  -- Lọc từ ngày bắt đầu&#xd;&#xa;            AND CAST(i.DatedOn AS DATE) &lt;= @EndDate  -- L&#xd;&#xa;        GROUP BY &#xd;&#xa;            CAST(i.DatedOn AS DATE)  -- Nhóm theo ngày&#xd;&#xa;        ORDER BY &#xd;&#xa;            RevenueDate" StatementId="1" StatementCompId="6" StatementType="SELECT" StatementSqlHandle="0x090091CD20640914967F45A0EFF0F348E3F10000000000000000000000000000000000000000000000000000" DatabaseContextSettingsId="2" ParentObjectId="354100302" StatementParameterizationType="0" RetrievedFromCache="true" StatementSubTreeCost="4.24235" StatementEstRows="201.666" SecurityPolicyApplied="false" StatementOptmLevel="FULL" QueryHash="0xF44B74DE3F387EC1" QueryPlanHash="0x41431D7FA421D37C" CardinalityEstimationModelVersion="160"><StatementSetOptions QUOTED_IDENTIFIER="true" ARITHABORT="true" CONCAT_NULL_YIELDS_NULL="true" ANSI_NULLS="true" ANSI_PADDING="true" ANSI_WARNINGS="true" NUMERIC_ROUNDABORT="false"></StatementSetOptions><QueryPlan DegreeOfParallelism="0" MemoryGrant="5528" NonParallelPlanReason="NoParallelPlansInDesktopOrExpressEdition" CachedPlanSize="80" CompileTime="7" CompileCPU="7" CompileMemory="888"><MissingIndexes><MissingIndexGroup Impact="26.2168"><MissingIndex Database="[sushiDB]" Schema="[dbo]" Table="[Invoices]"><ColumnGroup Usage="EQUALITY"><Column Name="[Paid]" ColumnId="6"></Column></ColumnGroup><ColumnGroup Usage="INEQUALITY"><Column Name="[DatedOn]" ColumnId="7"></Column></ColumnGroup><ColumnGroup Usage="INCLUDE"><Column Name="[AfterDiscount]" ColumnId="4"></Column><Column Name="[OrderId]" ColumnId="8"></Column></ColumnGroup></MissingIndex></MissingIndexGroup><MissingIndexGroup Impact="21.6073"><MissingIndex Database="[sushiDB]" Schema="[dbo]" Table="[Reservation]"><ColumnGroup Usage="EQUALITY"><Column Name="[BranchId]" ColumnId="7"></Column></ColumnGroup></MissingIndex></MissingIndexGroup></MissingIndexes><MemoryGrantInfo SerialRequiredMemory="2048" SerialDesiredMemory="5528" RequiredMemory="2048" DesiredMemory="5528" RequestedMemory="5528" GrantWaitTime="0" MaxQueryMemory="713976" GrantedMemory="5528" MaxUsedMemory="1168"></MemoryGrantInfo><OptimizerHardwareDependentProperties EstimatedAvailableMemoryGrant="208921" EstimatedPagesCached="104460" EstimatedAvailableDegreeOfParallelism="4" MaxCompileMemory="2861288"></OptimizerHardwareDependentProperties><OptimizerStatsUsage><StatisticsInfo LastUpdate="2024-12-13T22:36:43.19" ModificationCount="0" SamplingPercent="46.5087" Statistics="[PK_Reservation]" Table="[Reservation]" Schema="[dbo]" Database="[sushiDB]"></StatisticsInfo><StatisticsInfo LastUpdate="2024-12-13T22:33:08.47" ModificationCount="0" SamplingPercent="100" Statistics="[IDX_Invoices_Paid_BranchId_DatedOn]" Table="[Invoices]" Schema="[dbo]" Database="[sushiDB]"></StatisticsInfo><StatisticsInfo LastUpdate="2024-12-13T22:36:43.16" ModificationCount="0" SamplingPercent="46.5087" Statistics="[_WA_Sys_00000007_5812160E]" Table="[Reservation]" Schema="[dbo]" Database="[sushiDB]"></StatisticsInfo><StatisticsInfo LastUpdate="2024-12-13T22:33:07.49" ModificationCount="0" SamplingPercent="100" Statistics="[IX_Orders_ReservationId]" Table="[Orders]" Schema="[dbo]" Database="[sushiDB]"></StatisticsInfo><StatisticsInfo LastUpdate="2024-12-13T22:33:07.59" ModificationCount="0" SamplingPercent="100" Statistics="[IX_Invoices_OrderId]" Table="[Invoices]" Schema="[dbo]" Database="[sushiDB]"></StatisticsInfo><StatisticsInfo LastUpdate="2024-12-13T21:37:39.75" ModificationCount="0" SamplingPercent="100" Statistics="[_WA_Sys_00000005_5CD6CB2B]" Table="[Orders]" Schema="[dbo]" Database="[sushiDB]"></StatisticsInfo><StatisticsInfo LastUpdate="2024-12-13T22:35:11.17" ModificationCount="0" SamplingPercent="71.5812" Statistics="[_WA_Sys_00000007_6383C8BA]" Table="[Invoices]" Schema="[dbo]" Database="[sushiDB]"></StatisticsInfo><StatisticsInfo LastUpdate="2024-12-13T21:37:39.65" ModificationCount="0" SamplingPercent="100" Statistics="[PK_Orders]" Table="[Orders]" Schema="[dbo]" Database="[sushiDB]"></StatisticsInfo><StatisticsInfo LastUpdate="2024-12-13T21:48:08.60" ModificationCount="0" SamplingPercent="68.9449" Statistics="[PK_Invoices]" Table="[Invoices]" Schema="[dbo]" Database="[sushiDB]"></StatisticsInfo><StatisticsInfo LastUpdate="2024-12-13T22:33:08.32" ModificationCount="0" SamplingPercent="100" Statistics="[IX_Reservation_DatedOn_BranchId]" Table="[Reservation]" Schema="[dbo]" Database="[sushiDB]"></StatisticsInfo></OptimizerStatsUsage><TraceFlags IsCompileTime="1"><TraceFlag Value="8017" Scope="Global"></TraceFlag></TraceFlags><TraceFlags IsCompileTime="0"><TraceFlag Value="8017" Scope="Global"></TraceFlag></TraceFlags><QueryTimeStats ElapsedTime="68" CpuTime="68"></QueryTimeStats><RelOp NodeId="0" PhysicalOp="Sort" LogicalOp="Sort" EstimateRows="201.666" EstimateIO="0.0112613" EstimateCPU="0.00250852" AvgRowSize="14" EstimatedTotalSubtreeCost="4.24235" Parallel="0" EstimateRebinds="0" EstimateRewinds="0" EstimatedExecutionMode="Row"><OutputList><ColumnReference Column="Expr1003"></ColumnReference><ColumnReference Column="Expr1004"></ColumnReference></OutputList><MemoryFractions Input="0.5" Output="1"></MemoryFractions><RunTimeInformation><RunTimeCountersPerThread Thread="0" ActualRows="300" Batches="0" ActualElapsedms="68" ActualCPUms="68" ActualScans="0" ActualLogicalReads="0" ActualPhysicalReads="0" ActualReadAheads="0" ActualLobLogicalReads="0" ActualLobPhysicalReads="0" ActualLobReadAheads="0" ActualRebinds="1" ActualRewinds="0" ActualEndOfScans="1" ActualExecutions="1" InputMemoryGrant="2248" OutputMemoryGrant="3608" UsedMemoryGrant="24" ActualExecutionMode="Row"></RunTimeCountersPerThread></RunTimeInformation><Sort Distinct="0"><OrderBy><OrderByColumn Ascending="1"><ColumnReference Column="Expr1003"></ColumnReference></OrderByColumn></OrderBy><RelOp NodeId="1" PhysicalOp="Hash Match" LogicalOp="Aggregate" EstimateRows="201.666" EstimateIO="0" EstimateCPU="0.0505964" AvgRowSize="14" EstimatedTotalSubtreeCost="4.22858" Parallel="0" EstimateRebinds="0" EstimateRewinds="0" EstimatedExecutionMode="Row"><OutputList><ColumnReference Column="Expr1003"></ColumnReference><ColumnReference Column="Expr1004"></ColumnReference></OutputList><MemoryFractions Input="0.0091954" Output="0.5"></MemoryFractions><RunTimeInformation><RunTimeCountersPerThread Thread="0" ActualRows="300" Batches="0" ActualElapsedms="68" ActualCPUms="68" ActualScans="0" ActualLogicalReads="0" ActualPhysicalReads="0" ActualReadAheads="0" ActualLobLogicalReads="0" ActualLobPhysicalReads="0" ActualLobReadAheads="0" ActualEndOfScans="1" ActualExecutions="1" InputMemoryGrant="1056" OutputMemoryGrant="2760" UsedMemoryGrant="320" ActualExecutionMode="Row"></RunTimeCountersPerThread></RunTimeInformation><Hash><DefinedValues><DefinedValue><ColumnReference Column="Expr1004"></ColumnReference><ScalarOperator ScalarString="SUM([sushiDB].[dbo].[Invoices].[AfterDiscount] as [i].[AfterDiscount])"><Aggregate Distinct="0" AggType="SUM"><ScalarOperator><Identifier><ColumnReference Database="[sushiDB]" Schema="[dbo]" Table="[Invoices]" Alias="[i]" Column="AfterDiscount"></ColumnReference></Identifier></ScalarOperator></Aggregate></ScalarOperator></DefinedValue></DefinedValues><HashKeysBuild><ColumnReference Column="Expr1003"></ColumnReference></HashKeysBuild><BuildResidual><ScalarOperator ScalarString="[Expr1003] = [Expr1003]"><Compare CompareOp="IS"><ScalarOperator><Identifier><ColumnReference Column="Expr1003"></ColumnReference></Identifier></ScalarOperator><ScalarOperator><Identifier><ColumnReference Column="Expr1003"></ColumnReference></Identifier></ScalarOperator></Compare></ScalarOperator></BuildResidual><RelOp NodeId="2" PhysicalOp="Hash Match" LogicalOp="Inner Join" EstimateRows="6491.25" EstimateIO="0" EstimateCPU="0.821074" AvgRowSize="14" EstimatedTotalSubtreeCost="4.17799" Parallel="0" EstimateRebinds="0" EstimateRewinds="0" EstimatedExecutionMode="Row"><OutputList><ColumnReference Database="[sushiDB]" Schema="[dbo]" Table="[Invoices]" Alias="[i]" Column="AfterDiscount"></ColumnReference><ColumnReference Column="Expr1003"></ColumnReference></OutputList><MemoryFractions Input="0.710345" Output="0.990805"></MemoryFractions><RunTimeInformation><RunTimeCountersPerThread Thread="0" ActualRows="6667" Batches="0" ActualElapsedms="65" ActualCPUms="65" ActualScans="0" ActualLogicalReads="0" ActualPhysicalReads="0" ActualReadAheads="0" ActualLobLogicalReads="0" ActualLobPhysicalReads="0" ActualLobReadAheads="0" ActualEndOfScans="1" ActualExecutions="1" InputMemoryGrant="3496" OutputMemoryGrant="4472" UsedMemoryGrant="776" ActualExecutionMode="Row"></RunTimeCountersPerThread></RunTimeInformation><Hash><DefinedValues></DefinedValues><HashKeysBuild><ColumnReference Database="[sushiDB]" Schema="[dbo]" Table="[Orders]" Alias="[o]" Column="Id"></ColumnReference></HashKeysBuild><HashKeysProbe><ColumnReference Database="[sushiDB]" Schema="[dbo]" Table="[Invoices]" Alias="[i]" Column="OrderId"></ColumnReference></HashKeysProbe><ProbeResidual><ScalarOperator ScalarString="[sushiDB].[dbo].[Orders].[Id] as [o].[Id]=[sushiDB].[dbo].[Invoices].[OrderId] as [i].[OrderId]"><Compare CompareOp="EQ"><ScalarOperator><Identifier><ColumnReference Database="[sushiDB]" Schema="[dbo]" Table="[Orders]" Alias="[o]" Column="Id"></ColumnReference></Identifier></ScalarOperator><ScalarOperator><Identifier><ColumnReference Database="[sushiDB]" Schema="[dbo]" Table="[Invoices]" Alias="[i]" Column="OrderId"></ColumnReference></Identifier></ScalarOperator></Compare></ScalarOperator></ProbeResidual><RelOp NodeId="3" PhysicalOp="Merge Join" LogicalOp="Inner Join" EstimateRows="6491.25" EstimateIO="0" EstimateCPU="0.22986" AvgRowSize="23" EstimatedTotalSubtreeCost="1.85047" Parallel="0" EstimateRebinds="0" EstimateRewinds="0" EstimatedExecutionMode="Row"><OutputList><ColumnReference Database="[sushiDB]" Schema="[dbo]" Table="[Orders]" Alias="[o]" Column="Id"></ColumnReference></OutputList><RunTimeInformation><RunTimeCountersPerThread Thread="0" ActualRows="6667" Batches="0" ActualElapsedms="22" ActualCPUms="22" ActualScans="0" ActualLogicalReads="0" ActualPhysicalReads="0" ActualReadAheads="0" ActualLobLogicalReads="0" ActualLobPhysicalReads="0" ActualLobReadAheads="0" ActualEndOfScans="1" ActualExecutions="1" ActualExecutionMode="Row"></RunTimeCountersPerThread></RunTimeInformation><Merge ManyToMany="0"><InnerSideJoinColumns><ColumnReference Database="[sushiDB]" Schema="[dbo]" Table="[Orders]" Alias="[o]" Column="ReservationId"></ColumnReference></InnerSideJoinColumns><OuterSideJoinColumns><ColumnReference Database="[sushiDB]" Schema="[dbo]" Table="[Reservation]" Alias="[r]" Column="Id"></ColumnReference></OuterSideJoinColumns><Residual><ScalarOperator ScalarString="[sushiDB].[dbo].[Orders].[ReservationId] as [o].[ReservationId]=[sushiDB].[dbo].[Reservation].[Id] as [r].[Id]"><Compare CompareOp="EQ"><ScalarOperator><Identifier><ColumnReference Database="[sushiDB]" Schema="[dbo]" Table="[Orders]" Alias="[o]" Column="ReservationId"></ColumnReference></Identifier></ScalarOperator><ScalarOperator><Identifier><ColumnReference Database="[sushiDB]" Schema="[dbo]" Table="[Reservation]" Alias="[r]" Column="Id"></ColumnReference></Identifier></ScalarOperator></Compare></ScalarOperator></Residual><RelOp NodeId="4" PhysicalOp="Sort" LogicalOp="Sort" EstimateRows="6491.27" EstimateIO="0.0112613" EstimateCPU="0.19999" AvgRowSize="23" EstimatedTotalSubtreeCost="1.15992" Parallel="0" EstimateRebinds="0" EstimateRewinds="0" EstimatedExecutionMode="Row"><OutputList><ColumnReference Database="[sushiDB]" Schema="[dbo]" Table="[Reservation]" Alias="[r]" Column="Id"></ColumnReference></OutputList><MemoryFractions Input="1" Output="0.289655"></MemoryFractions><RunTimeInformation><RunTimeCountersPerThread Thread="0" ActualRows="6667" Batches="0" ActualElapsedms="8" ActualCPUms="8" ActualScans="0" ActualLogicalReads="0" ActualPhysicalReads="0" ActualReadAheads="0" ActualLobLogicalReads="0" ActualLobPhysicalReads="0" ActualLobReadAheads="0" ActualRebinds="1" ActualRewinds="0" ActualEndOfScans="1" ActualExecutions="1" InputMemoryGrant="3992" OutputMemoryGrant="1136" UsedMemoryGrant="392" ActualExecutionMode="Row"></RunTimeCountersPerThread></RunTimeInformation><Sort Distinct="0"><OrderBy><OrderByColumn Ascending="1"><ColumnReference Database="[sushiDB]" Schema="[dbo]" Table="[Reservation]" Alias="[r]" Column="Id"></ColumnReference></OrderByColumn></OrderBy><RelOp NodeId="5" PhysicalOp="Index Scan" LogicalOp="Index Scan" EstimateRows="6491.27" EstimatedRowsRead="99990" EstimateIO="0.790532" EstimateCPU="0.110146" AvgRowSize="39" EstimatedTotalSubtreeCost="0.900678" TableCardinality="99990" Parallel="0" EstimateRebinds="0" EstimateRewinds="0" EstimatedExecutionMode="Row"><OutputList><ColumnReference Database="[sushiDB]" Schema="[dbo]" Table="[Reservation]" Alias="[r]" Column="Id"></ColumnReference></OutputList><RunTimeInformation><RunTimeCountersPerThread Thread="0" ActualRows="6667" Batches="0" ActualElapsedms="6" ActualCPUms="6" ActualScans="1" ActualLogicalReads="1073" ActualPhysicalReads="0" ActualReadAheads="0" ActualLobLogicalReads="0" ActualLobPhysicalReads="0" ActualLobReadAheads="0" ActualRowsRead="99990" ActualEndOfScans="1" ActualExecutions="1" ActualExecutionMode="Row"></RunTimeCountersPerThread></RunTimeInformation><IndexScan Ordered="0" ForcedIndex="0" ForceSeek="0" ForceScan="0" NoExpandHint="0" Storage="RowStore"><DefinedValues><DefinedValue><ColumnReference Database="[sushiDB]" Schema="[dbo]" Table="[Reservation]" Alias="[r]" Column="Id"></ColumnReference></DefinedValue></DefinedValues><Object Database="[sushiDB]" Schema="[dbo]" Table="[Reservation]" Index="[IX_Reservation_DatedOn_BranchId]" Alias="[r]" IndexKind="NonClustered" Storage="RowStore"></Object><Predicate><ScalarOperator ScalarString="[sushiDB].[dbo].[Reservation].[BranchId] as [r].[BranchId]=[@BranchId]"><Compare CompareOp="EQ"><ScalarOperator><Identifier><ColumnReference Database="[sushiDB]" Schema="[dbo]" Table="[Reservation]" Alias="[r]" Column="BranchId"></ColumnReference></Identifier></ScalarOperator><ScalarOperator><Identifier><ColumnReference Column="@BranchId"></ColumnReference></Identifier></ScalarOperator></Compare></ScalarOperator></Predicate></IndexScan></RelOp></Sort></RelOp><RelOp NodeId="6" PhysicalOp="Index Scan" LogicalOp="Index Scan" EstimateRows="99990" EstimatedRowsRead="99990" EstimateIO="0.350532" EstimateCPU="0.110146" AvgRowSize="39" EstimatedTotalSubtreeCost="0.460678" TableCardinality="99990" Parallel="0" EstimateRebinds="0" EstimateRewinds="0" EstimatedExecutionMode="Row"><OutputList><ColumnReference Database="[sushiDB]" Schema="[dbo]" Table="[Orders]" Alias="[o]" Column="Id"></ColumnReference><ColumnReference Database="[sushiDB]" Schema="[dbo]" Table="[Orders]" Alias="[o]" Column="ReservationId"></ColumnReference></OutputList><RunTimeInformation><RunTimeCountersPerThread Thread="0" ActualRows="99978" Batches="0" ActualElapsedms="10" ActualCPUms="10" ActualScans="1" ActualLogicalReads="475" ActualPhysicalReads="0" ActualReadAheads="0" ActualLobLogicalReads="0" ActualLobPhysicalReads="0" ActualLobReadAheads="0" ActualRowsRead="99978" ActualEndOfScans="0" ActualExecutions="1" ActualExecutionMode="Row"></RunTimeCountersPerThread></RunTimeInformation><IndexScan Ordered="1" ScanDirection="FORWARD" ForcedIndex="0" ForceSeek="0" ForceScan="0" NoExpandHint="0" Storage="RowStore"><DefinedValues><DefinedValue><ColumnReference Database="[sushiDB]" Schema="[dbo]" Table="[Orders]" Alias="[o]" Column="Id"></ColumnReference></DefinedValue><DefinedValue><ColumnReference Database="[sushiDB]" Schema="[dbo]" Table="[Orders]" Alias="[o]" Column="ReservationId"></ColumnReference></DefinedValue></DefinedValues><Object Database="[sushiDB]" Schema="[dbo]" Table="[Orders]" Index="[IX_Orders_ReservationId]" Alias="[o]" IndexKind="NonClustered" Storage="RowStore"></Object></IndexScan></RelOp></Merge></RelOp><RelOp NodeId="7" PhysicalOp="Compute Scalar" LogicalOp="Compute Scalar" EstimateRows="99990" EstimateIO="0" EstimateCPU="0.009999" AvgRowSize="31" EstimatedTotalSubtreeCost="1.38846" Parallel="0" EstimateRebinds="0" EstimateRewinds="0" EstimatedExecutionMode="Row"><OutputList><ColumnReference Database="[sushiDB]" Schema="[dbo]" Table="[Invoices]" Alias="[i]" Column="AfterDiscount"></ColumnReference><ColumnReference Database="[sushiDB]" Schema="[dbo]" Table="[Invoices]" Alias="[i]" Column="OrderId"></ColumnReference><ColumnReference Column="Expr1003"></ColumnReference></OutputList><ComputeScalar><DefinedValues><DefinedValue><ColumnReference Column="Expr1003"></ColumnReference><ScalarOperator ScalarString="CONVERT(date,[sushiDB].[dbo].[Invoices].[DatedOn] as [i].[DatedOn],0)"><Convert DataType="date" Style="0" Implicit="0"><ScalarOperator><Identifier><ColumnReference Database="[sushiDB]" Schema="[dbo]" Table="[Invoices]" Alias="[i]" Column="DatedOn"></ColumnReference></Identifier></ScalarOperator></Convert></ScalarOperator></DefinedValue></DefinedValues><RelOp NodeId="8" PhysicalOp="Clustered Index Scan" LogicalOp="Clustered Index Scan" EstimateRows="99990" EstimatedRowsRead="99990" EstimateIO="1.26831" EstimateCPU="0.110146" AvgRowSize="36" EstimatedTotalSubtreeCost="1.37846" TableCardinality="99990" Parallel="0" EstimateRebinds="0" EstimateRewinds="0" EstimatedExecutionMode="Row"><OutputList><ColumnReference Database="[sushiDB]" Schema="[dbo]" Table="[Invoices]" Alias="[i]" Column="AfterDiscount"></ColumnReference><ColumnReference Database="[sushiDB]" Schema="[dbo]" Table="[Invoices]" Alias="[i]" Column="DatedOn"></ColumnReference><ColumnReference Database="[sushiDB]" Schema="[dbo]" Table="[Invoices]" Alias="[i]" Column="OrderId"></ColumnReference></OutputList><RunTimeInformation><RunTimeCountersPerThread Thread="0" ActualRows="99990" Batches="0" ActualElapsedms="29" ActualCPUms="29" ActualScans="1" ActualLogicalReads="1719" ActualPhysicalReads="0" ActualReadAheads="0" ActualLobLogicalReads="0" ActualLobPhysicalReads="0" ActualLobReadAheads="0" ActualRowsRead="99990" ActualEndOfScans="1" ActualExecutions="1" ActualExecutionMode="Row"></RunTimeCountersPerThread></RunTimeInformation><IndexScan Ordered="0" ForcedIndex="0" ForceScan="0" NoExpandHint="0" Storage="RowStore"><DefinedValues><DefinedValue><ColumnReference Database="[sushiDB]" Schema="[dbo]" Table="[Invoices]" Alias="[i]" Column="AfterDiscount"></ColumnReference></DefinedValue><DefinedValue><ColumnReference Database="[sushiDB]" Schema="[dbo]" Table="[Invoices]" Alias="[i]" Column="DatedOn"></ColumnReference></DefinedValue><DefinedValue><ColumnReference Database="[sushiDB]" Schema="[dbo]" Table="[Invoices]" Alias="[i]" Column="OrderId"></ColumnReference></DefinedValue></DefinedValues><Object Database="[sushiDB]" Schema="[dbo]" Table="[Invoices]" Index="[PK_Invoices]" Alias="[i]" IndexKind="Clustered" Storage="RowStore"></Object><Predicate><ScalarOperator ScalarString="[sushiDB].[dbo].[Invoices].[Paid] as [i].[Paid]=(1) AND CONVERT(date,[sushiDB].[dbo].[Invoices].[DatedOn] as [i].[DatedOn],0)&gt;=[@StartDate] AND CONVERT(date,[sushiDB].[dbo].[Invoices].[DatedOn] as [i].[DatedOn],0)&lt;=[@EndDate]"><Logical Operation="AND"><ScalarOperator><Compare CompareOp="EQ"><ScalarOperator><Identifier><ColumnReference Database="[sushiDB]" Schema="[dbo]" Table="[Invoices]" Alias="[i]" Column="Paid"></ColumnReference></Identifier></ScalarOperator><ScalarOperator><Const ConstValue="(1)"></Const></ScalarOperator></Compare></ScalarOperator><ScalarOperator><Compare CompareOp="GE"><ScalarOperator><Convert DataType="date" Style="0" Implicit="0"><ScalarOperator><Identifier><ColumnReference Database="[sushiDB]" Schema="[dbo]" Table="[Invoices]" Alias="[i]" Column="DatedOn"></ColumnReference></Identifier></ScalarOperator></Convert></ScalarOperator><ScalarOperator><Identifier><ColumnReference Column="@StartDate"></ColumnReference></Identifier></ScalarOperator></Compare></ScalarOperator><ScalarOperator><Compare CompareOp="LE"><ScalarOperator><Convert DataType="date" Style="0" Implicit="0"><ScalarOperator><Identifier><ColumnReference Database="[sushiDB]" Schema="[dbo]" Table="[Invoices]" Alias="[i]" Column="DatedOn"></ColumnReference></Identifier></ScalarOperator></Convert></ScalarOperator><ScalarOperator><Identifier><ColumnReference Column="@EndDate"></ColumnReference></Identifier></ScalarOperator></Compare></ScalarOperator></Logical></ScalarOperator></Predicate></IndexScan></RelOp></ComputeScalar></RelOp></Hash></RelOp></Hash></RelOp></Sort></RelOp><ParameterList><ColumnReference Column="@EndDate" ParameterDataType="date" ParameterCompiledValue="&apos;2024-12-30&apos;" ParameterRuntimeValue="&apos;2024-12-30&apos;"></ColumnReference><ColumnReference Column="@StartDate" ParameterDataType="date" ParameterCompiledValue="&apos;2024-01-01&apos;" ParameterRuntimeValue="&apos;2024-01-01&apos;"></ColumnReference><ColumnReference Column="@BranchId" ParameterDataType="uniqueidentifier" ParameterCompiledValue="{guid&apos;F490D25C-9C0B-4674-975F-53E1D1BC5366&apos;}" ParameterRuntimeValue="{guid&apos;F490D25C-9C0B-4674-975F-53E1D1BC5366&apos;}"></ColumnReference></ParameterList></QueryPlan></StmtSimple></Statements></Batch></BatchSequence></ShowPlanXML>