<ShowPlanXML xmlns="http://schemas.microsoft.com/sqlserver/2004/07/showplan" Version="1.564" Build="16.0.1135.2"><BatchSequence><Batch><Statements><StmtSimple StatementText="SELECT  &#xd;&#xa;        r.Id AS ReservationId,&#xd;&#xa;        r.CustomerId AS CustomerId,&#xd;&#xa;        c.Name AS CustomerName,&#xd;&#xa;        r.BranchId AS BranchId,&#xd;&#xa;        b.Name AS BranchName,&#xd;&#xa;        r.[Status] AS Status,&#xd;&#xa;        r.DatedOn  AS DatedOn,  -- Ép kiểu DatedOn thành DATE&#xd;&#xa;        td.TableNumber AS TableNumber,  -- TableNumber chỉ trả về khi có TableId&#xd;&#xa;        r.TotalPeople AS TotalPeople,&#xd;&#xa;        o.Total AS TotalPrice,&#xd;&#xa;        o.Id AS OrderID,&#xd;&#xa;        r.OrderedBy AS OrderBy,  -- Trả về OrderBy nếu có (có thể NULL)&#xd;&#xa;        td.TableId AS TableId  -- Trả về TableId nếu có (có thể NULL)&#xd;&#xa;    FROM Reservation r&#xd;&#xa;    LEFT JOIN Customers c ON c.CustomerId = r.CustomerId &#xd;&#xa;    LEFT JOIN Branches b ON b.BranchId = r.BranchId&#xd;&#xa;    LEFT JOIN TableDetail td ON td.TableId = r.TableId  -- Sử dụng LEFT JOIN để tránh việc TableNumber không tồn tại khi TableId là NULL&#xd;&#xa;    LEFT JOIN Orders o ON o.ReservationId = r.Id  -- Liên kết với bảng Orders&#xd;&#xa;    WHERE r.BranchId = @branchId &#xd;&#xa;    AND CAST(r.DatedOn AS DATE) = @dateOn" StatementId="1" StatementCompId="6" StatementType="SELECT" StatementSqlHandle="0x09005800123409BF4D69D0A497F99583B4B60000000000000000000000000000000000000000000000000000" DatabaseContextSettingsId="2" ParentObjectId="450100644" StatementParameterizationType="0" RetrievedFromCache="true" StatementSubTreeCost="0.584235" StatementEstRows="166.943" SecurityPolicyApplied="false" StatementOptmLevel="FULL" QueryHash="0x8234AC53CFE76D9E" QueryPlanHash="0xF275609E05D9723B" StatementOptmEarlyAbortReason="TimeOut" CardinalityEstimationModelVersion="160"><StatementSetOptions QUOTED_IDENTIFIER="true" ARITHABORT="true" CONCAT_NULL_YIELDS_NULL="true" ANSI_NULLS="true" ANSI_PADDING="true" ANSI_WARNINGS="true" NUMERIC_ROUNDABORT="false"></StatementSetOptions><QueryPlan DegreeOfParallelism="0" MemoryGrant="1184" NonParallelPlanReason="NoParallelPlansInDesktopOrExpressEdition" CachedPlanSize="88" CompileTime="5" CompileCPU="5" CompileMemory="792"><MemoryGrantInfo SerialRequiredMemory="1024" SerialDesiredMemory="1184" RequiredMemory="1024" DesiredMemory="1184" RequestedMemory="1184" GrantWaitTime="0" MaxQueryMemory="1228544" GrantedMemory="1184" MaxUsedMemory="24"></MemoryGrantInfo><OptimizerHardwareDependentProperties EstimatedAvailableMemoryGrant="208921" EstimatedPagesCached="104460" EstimatedAvailableDegreeOfParallelism="4" MaxCompileMemory="4950528"></OptimizerHardwareDependentProperties><OptimizerStatsUsage><StatisticsInfo LastUpdate="2024-12-13T22:36:43.19" ModificationCount="27" SamplingPercent="46.5087" Statistics="[PK_Reservation]" Table="[Reservation]" Schema="[dbo]" Database="[sushiDB]"></StatisticsInfo><StatisticsInfo LastUpdate="2024-12-14T23:12:32.88" ModificationCount="27" SamplingPercent="46.5087" Statistics="[_WA_Sys_00000006_5812160E]" Table="[Reservation]" Schema="[dbo]" Database="[sushiDB]"></StatisticsInfo><StatisticsInfo LastUpdate="2024-12-17T23:44:41.36" ModificationCount="0" SamplingPercent="100" Statistics="[IX_Reservation_DatedOn_BranchId]" Table="[Reservation]" Schema="[dbo]" Database="[sushiDB]"></StatisticsInfo><StatisticsInfo LastUpdate="2024-12-17T23:23:20.55" ModificationCount="0" SamplingPercent="100" Statistics="[Stat_TableId]" Table="[TableDetail]" Schema="[dbo]" Database="[sushiDB]"></StatisticsInfo><StatisticsInfo LastUpdate="2024-12-17T23:42:27.30" ModificationCount="0" SamplingPercent="100" Statistics="[IX_Orders_ReservationId]" Table="[Orders]" Schema="[dbo]" Database="[sushiDB]"></StatisticsInfo><StatisticsInfo LastUpdate="2024-12-14T23:12:32.93" ModificationCount="46" SamplingPercent="46.5087" Statistics="[_WA_Sys_00000008_5812160E]" Table="[Reservation]" Schema="[dbo]" Database="[sushiDB]"></StatisticsInfo><StatisticsInfo LastUpdate="2024-12-13T22:36:43.12" ModificationCount="0" SamplingPercent="100" Statistics="[PK_Branches]" Table="[Branches]" Schema="[dbo]" Database="[sushiDB]"></StatisticsInfo><StatisticsInfo LastUpdate="2024-12-14T00:07:11.90" ModificationCount="4" SamplingPercent="100" Statistics="[PK_Customers]" Table="[Customers]" Schema="[dbo]" Database="[sushiDB]"></StatisticsInfo><StatisticsInfo LastUpdate="2024-12-15T13:23:33.56" ModificationCount="17" SamplingPercent="48.644" Statistics="[_WA_Sys_00000002_5812160E]" Table="[Reservation]" Schema="[dbo]" Database="[sushiDB]"></StatisticsInfo></OptimizerStatsUsage><TraceFlags IsCompileTime="1"><TraceFlag Value="8017" Scope="Global"></TraceFlag></TraceFlags><TraceFlags IsCompileTime="0"><TraceFlag Value="8017" Scope="Global"></TraceFlag></TraceFlags><QueryTimeStats ElapsedTime="0" CpuTime="0"></QueryTimeStats><RelOp NodeId="0" PhysicalOp="Nested Loops" LogicalOp="Left Outer Join" EstimateRows="166.943" EstimateIO="0" EstimateCPU="0.000697822" AvgRowSize="338" EstimatedTotalSubtreeCost="0.584235" Parallel="0" EstimateRebinds="0" EstimateRewinds="0" EstimatedExecutionMode="Row"><OutputList><ColumnReference Database="[sushiDB]" Schema="[dbo]" Table="[Reservation]" Alias="[r]" Column="Id"></ColumnReference><ColumnReference Database="[sushiDB]" Schema="[dbo]" Table="[Reservation]" Alias="[r]" Column="DatedOn"></ColumnReference><ColumnReference Database="[sushiDB]" Schema="[dbo]" Table="[Reservation]" Alias="[r]" Column="Status"></ColumnReference><ColumnReference Database="[sushiDB]" Schema="[dbo]" Table="[Reservation]" Alias="[r]" Column="OrderedBy"></ColumnReference><ColumnReference Database="[sushiDB]" Schema="[dbo]" Table="[Reservation]" Alias="[r]" Column="CustomerId"></ColumnReference><ColumnReference Database="[sushiDB]" Schema="[dbo]" Table="[Reservation]" Alias="[r]" Column="BranchId"></ColumnReference><ColumnReference Database="[sushiDB]" Schema="[dbo]" Table="[Reservation]" Alias="[r]" Column="TotalPeople"></ColumnReference><ColumnReference Database="[sushiDB]" Schema="[dbo]" Table="[Customers]" Alias="[c]" Column="Name"></ColumnReference><ColumnReference Database="[sushiDB]" Schema="[dbo]" Table="[Branches]" Alias="[b]" Column="Name"></ColumnReference><ColumnReference Database="[sushiDB]" Schema="[dbo]" Table="[TableDetail]" Alias="[td]" Column="TableId"></ColumnReference><ColumnReference Database="[sushiDB]" Schema="[dbo]" Table="[TableDetail]" Alias="[td]" Column="TableNumber"></ColumnReference><ColumnReference Database="[sushiDB]" Schema="[dbo]" Table="[Orders]" Alias="[o]" Column="Id"></ColumnReference><ColumnReference Database="[sushiDB]" Schema="[dbo]" Table="[Orders]" Alias="[o]" Column="Total"></ColumnReference></OutputList><RunTimeInformation><RunTimeCountersPerThread Thread="0" ActualRows="21" Batches="0" ActualElapsedms="0" ActualCPUms="0" ActualEndOfScans="1" ActualExecutions="1" ActualExecutionMode="Row"></RunTimeCountersPerThread></RunTimeInformation><NestedLoops Optimized="0" WithUnorderedPrefetch="1"><OuterReferences><ColumnReference Database="[sushiDB]" Schema="[dbo]" Table="[Reservation]" Alias="[r]" Column="Id"></ColumnReference><ColumnReference Column="Expr1009"></ColumnReference></OuterReferences><RelOp NodeId="2" PhysicalOp="Merge Join" LogicalOp="Right Outer Join" EstimateRows="166.94" EstimateIO="0" EstimateCPU="0.00628227" AvgRowSize="314" EstimatedTotalSubtreeCost="0.107012" Parallel="0" EstimateRebinds="0" EstimateRewinds="0" EstimatedExecutionMode="Row"><OutputList><ColumnReference Database="[sushiDB]" Schema="[dbo]" Table="[Reservation]" Alias="[r]" Column="Id"></ColumnReference><ColumnReference Database="[sushiDB]" Schema="[dbo]" Table="[Reservation]" Alias="[r]" Column="DatedOn"></ColumnReference><ColumnReference Database="[sushiDB]" Schema="[dbo]" Table="[Reservation]" Alias="[r]" Column="Status"></ColumnReference><ColumnReference Database="[sushiDB]" Schema="[dbo]" Table="[Reservation]" Alias="[r]" Column="OrderedBy"></ColumnReference><ColumnReference Database="[sushiDB]" Schema="[dbo]" Table="[Reservation]" Alias="[r]" Column="CustomerId"></ColumnReference><ColumnReference Database="[sushiDB]" Schema="[dbo]" Table="[Reservation]" Alias="[r]" Column="BranchId"></ColumnReference><ColumnReference Database="[sushiDB]" Schema="[dbo]" Table="[Reservation]" Alias="[r]" Column="TotalPeople"></ColumnReference><ColumnReference Database="[sushiDB]" Schema="[dbo]" Table="[Customers]" Alias="[c]" Column="Name"></ColumnReference><ColumnReference Database="[sushiDB]" Schema="[dbo]" Table="[Branches]" Alias="[b]" Column="Name"></ColumnReference><ColumnReference Database="[sushiDB]" Schema="[dbo]" Table="[TableDetail]" Alias="[td]" Column="TableId"></ColumnReference><ColumnReference Database="[sushiDB]" Schema="[dbo]" Table="[TableDetail]" Alias="[td]" Column="TableNumber"></ColumnReference></OutputList><RunTimeInformation><RunTimeCountersPerThread Thread="0" ActualRows="21" Batches="0" ActualElapsedms="0" ActualCPUms="0" ActualScans="0" ActualLogicalReads="0" ActualPhysicalReads="0" ActualReadAheads="0" ActualLobLogicalReads="0" ActualLobPhysicalReads="0" ActualLobReadAheads="0" ActualEndOfScans="1" ActualExecutions="1" ActualExecutionMode="Row"></RunTimeCountersPerThread></RunTimeInformation><Merge ManyToMany="0"><InnerSideJoinColumns><ColumnReference Database="[sushiDB]" Schema="[dbo]" Table="[Reservation]" Alias="[r]" Column="TableId"></ColumnReference></InnerSideJoinColumns><OuterSideJoinColumns><ColumnReference Database="[sushiDB]" Schema="[dbo]" Table="[TableDetail]" Alias="[td]" Column="TableId"></ColumnReference></OuterSideJoinColumns><Residual><ScalarOperator ScalarString="[sushiDB].[dbo].[TableDetail].[TableId] as [td].[TableId]=[sushiDB].[dbo].[Reservation].[TableId] as [r].[TableId]"><Compare CompareOp="EQ"><ScalarOperator><Identifier><ColumnReference Database="[sushiDB]" Schema="[dbo]" Table="[TableDetail]" Alias="[td]" Column="TableId"></ColumnReference></Identifier></ScalarOperator><ScalarOperator><Identifier><ColumnReference Database="[sushiDB]" Schema="[dbo]" Table="[Reservation]" Alias="[r]" Column="TableId"></ColumnReference></Identifier></ScalarOperator></Compare></ScalarOperator></Residual><RelOp NodeId="3" PhysicalOp="Clustered Index Scan" LogicalOp="Clustered Index Scan" EstimateRows="150" EstimatedRowsRead="150" EstimateIO="0.003125" EstimateCPU="0.000322" AvgRowSize="27" EstimatedTotalSubtreeCost="0.003447" TableCardinality="150" Parallel="0" EstimateRebinds="0" EstimateRewinds="0" EstimatedExecutionMode="Row"><OutputList><ColumnReference Database="[sushiDB]" Schema="[dbo]" Table="[TableDetail]" Alias="[td]" Column="TableId"></ColumnReference><ColumnReference Database="[sushiDB]" Schema="[dbo]" Table="[TableDetail]" Alias="[td]" Column="TableNumber"></ColumnReference></OutputList><RunTimeInformation><RunTimeCountersPerThread Thread="0" ActualRows="122" Batches="0" ActualElapsedms="0" ActualCPUms="0" ActualScans="1" ActualLogicalReads="2" ActualPhysicalReads="0" ActualReadAheads="0" ActualLobLogicalReads="0" ActualLobPhysicalReads="0" ActualLobReadAheads="0" ActualRowsRead="122" ActualEndOfScans="0" ActualExecutions="1" ActualExecutionMode="Row"></RunTimeCountersPerThread></RunTimeInformation><IndexScan Ordered="1" ScanDirection="FORWARD" ForcedIndex="0" ForceSeek="0" ForceScan="0" NoExpandHint="0" Storage="RowStore"><DefinedValues><DefinedValue><ColumnReference Database="[sushiDB]" Schema="[dbo]" Table="[TableDetail]" Alias="[td]" Column="TableId"></ColumnReference></DefinedValue><DefinedValue><ColumnReference Database="[sushiDB]" Schema="[dbo]" Table="[TableDetail]" Alias="[td]" Column="TableNumber"></ColumnReference></DefinedValue></DefinedValues><Object Database="[sushiDB]" Schema="[dbo]" Table="[TableDetail]" Index="[PK_TableDetail]" Alias="[td]" IndexKind="Clustered" Storage="RowStore"></Object></IndexScan></RelOp><RelOp NodeId="4" PhysicalOp="Nested Loops" LogicalOp="Left Outer Join" EstimateRows="166.94" EstimateIO="0" EstimateCPU="0.00069781" AvgRowSize="310" EstimatedTotalSubtreeCost="0.0972801" Parallel="0" EstimateRebinds="0" EstimateRewinds="0" EstimatedExecutionMode="Row"><OutputList><ColumnReference Database="[sushiDB]" Schema="[dbo]" Table="[Reservation]" Alias="[r]" Column="Id"></ColumnReference><ColumnReference Database="[sushiDB]" Schema="[dbo]" Table="[Reservation]" Alias="[r]" Column="DatedOn"></ColumnReference><ColumnReference Database="[sushiDB]" Schema="[dbo]" Table="[Reservation]" Alias="[r]" Column="Status"></ColumnReference><ColumnReference Database="[sushiDB]" Schema="[dbo]" Table="[Reservation]" Alias="[r]" Column="OrderedBy"></ColumnReference><ColumnReference Database="[sushiDB]" Schema="[dbo]" Table="[Reservation]" Alias="[r]" Column="CustomerId"></ColumnReference><ColumnReference Database="[sushiDB]" Schema="[dbo]" Table="[Reservation]" Alias="[r]" Column="BranchId"></ColumnReference><ColumnReference Database="[sushiDB]" Schema="[dbo]" Table="[Reservation]" Alias="[r]" Column="TableId"></ColumnReference><ColumnReference Database="[sushiDB]" Schema="[dbo]" Table="[Reservation]" Alias="[r]" Column="TotalPeople"></ColumnReference><ColumnReference Database="[sushiDB]" Schema="[dbo]" Table="[Customers]" Alias="[c]" Column="Name"></ColumnReference><ColumnReference Database="[sushiDB]" Schema="[dbo]" Table="[Branches]" Alias="[b]" Column="Name"></ColumnReference></OutputList><RunTimeInformation><RunTimeCountersPerThread Thread="0" ActualRows="21" Batches="0" ActualElapsedms="0" ActualCPUms="0" ActualEndOfScans="1" ActualExecutions="1" ActualExecutionMode="Row"></RunTimeCountersPerThread></RunTimeInformation><NestedLoops Optimized="0"><RelOp NodeId="5" PhysicalOp="Sort" LogicalOp="Sort" EstimateRows="166.94" EstimateIO="0.0112613" EstimateCPU="0.00202299" AvgRowSize="208" EstimatedTotalSubtreeCost="0.067064" Parallel="0" EstimateRebinds="0" EstimateRewinds="0" EstimatedExecutionMode="Row"><OutputList><ColumnReference Database="[sushiDB]" Schema="[dbo]" Table="[Reservation]" Alias="[r]" Column="Id"></ColumnReference><ColumnReference Database="[sushiDB]" Schema="[dbo]" Table="[Reservation]" Alias="[r]" Column="DatedOn"></ColumnReference><ColumnReference Database="[sushiDB]" Schema="[dbo]" Table="[Reservation]" Alias="[r]" Column="Status"></ColumnReference><ColumnReference Database="[sushiDB]" Schema="[dbo]" Table="[Reservation]" Alias="[r]" Column="OrderedBy"></ColumnReference><ColumnReference Database="[sushiDB]" Schema="[dbo]" Table="[Reservation]" Alias="[r]" Column="CustomerId"></ColumnReference><ColumnReference Database="[sushiDB]" Schema="[dbo]" Table="[Reservation]" Alias="[r]" Column="BranchId"></ColumnReference><ColumnReference Database="[sushiDB]" Schema="[dbo]" Table="[Reservation]" Alias="[r]" Column="TableId"></ColumnReference><ColumnReference Database="[sushiDB]" Schema="[dbo]" Table="[Reservation]" Alias="[r]" Column="TotalPeople"></ColumnReference><ColumnReference Database="[sushiDB]" Schema="[dbo]" Table="[Customers]" Alias="[c]" Column="Name"></ColumnReference></OutputList><MemoryFractions Input="0.6" Output="1"></MemoryFractions><RunTimeInformation><RunTimeCountersPerThread Thread="0" ActualRows="21" Batches="0" ActualElapsedms="0" ActualCPUms="0" ActualScans="0" ActualLogicalReads="0" ActualPhysicalReads="0" ActualReadAheads="0" ActualLobLogicalReads="0" ActualLobPhysicalReads="0" ActualLobReadAheads="0" ActualRebinds="1" ActualRewinds="0" ActualEndOfScans="1" ActualExecutions="1" InputMemoryGrant="608" OutputMemoryGrant="288" UsedMemoryGrant="16" ActualExecutionMode="Row"></RunTimeCountersPerThread></RunTimeInformation><Sort Distinct="0"><OrderBy><OrderByColumn Ascending="1"><ColumnReference Database="[sushiDB]" Schema="[dbo]" Table="[Reservation]" Alias="[r]" Column="TableId"></ColumnReference></OrderByColumn></OrderBy><RelOp NodeId="6" PhysicalOp="Merge Join" LogicalOp="Right Outer Join" EstimateRows="166.94" EstimateIO="0" EstimateCPU="0.00808337" AvgRowSize="208" EstimatedTotalSubtreeCost="0.0537798" Parallel="0" EstimateRebinds="0" EstimateRewinds="0" EstimatedExecutionMode="Row"><OutputList><ColumnReference Database="[sushiDB]" Schema="[dbo]" Table="[Reservation]" Alias="[r]" Column="Id"></ColumnReference><ColumnReference Database="[sushiDB]" Schema="[dbo]" Table="[Reservation]" Alias="[r]" Column="DatedOn"></ColumnReference><ColumnReference Database="[sushiDB]" Schema="[dbo]" Table="[Reservation]" Alias="[r]" Column="Status"></ColumnReference><ColumnReference Database="[sushiDB]" Schema="[dbo]" Table="[Reservation]" Alias="[r]" Column="OrderedBy"></ColumnReference><ColumnReference Database="[sushiDB]" Schema="[dbo]" Table="[Reservation]" Alias="[r]" Column="CustomerId"></ColumnReference><ColumnReference Database="[sushiDB]" Schema="[dbo]" Table="[Reservation]" Alias="[r]" Column="BranchId"></ColumnReference><ColumnReference Database="[sushiDB]" Schema="[dbo]" Table="[Reservation]" Alias="[r]" Column="TableId"></ColumnReference><ColumnReference Database="[sushiDB]" Schema="[dbo]" Table="[Reservation]" Alias="[r]" Column="TotalPeople"></ColumnReference><ColumnReference Database="[sushiDB]" Schema="[dbo]" Table="[Customers]" Alias="[c]" Column="Name"></ColumnReference></OutputList><RunTimeInformation><RunTimeCountersPerThread Thread="0" ActualRows="21" Batches="0" ActualElapsedms="0" ActualCPUms="0" ActualScans="0" ActualLogicalReads="0" ActualPhysicalReads="0" ActualReadAheads="0" ActualLobLogicalReads="0" ActualLobPhysicalReads="0" ActualLobReadAheads="0" ActualEndOfScans="1" ActualExecutions="1" ActualExecutionMode="Row"></RunTimeCountersPerThread></RunTimeInformation><Merge ManyToMany="0"><InnerSideJoinColumns><ColumnReference Database="[sushiDB]" Schema="[dbo]" Table="[Reservation]" Alias="[r]" Column="CustomerId"></ColumnReference></InnerSideJoinColumns><OuterSideJoinColumns><ColumnReference Database="[sushiDB]" Schema="[dbo]" Table="[Customers]" Alias="[c]" Column="CustomerId"></ColumnReference></OuterSideJoinColumns><Residual><ScalarOperator ScalarString="[sushiDB].[dbo].[Customers].[CustomerId] as [c].[CustomerId]=[sushiDB].[dbo].[Reservation].[CustomerId] as [r].[CustomerId]"><Compare CompareOp="EQ"><ScalarOperator><Identifier><ColumnReference Database="[sushiDB]" Schema="[dbo]" Table="[Customers]" Alias="[c]" Column="CustomerId"></ColumnReference></Identifier></ScalarOperator><ScalarOperator><Identifier><ColumnReference Database="[sushiDB]" Schema="[dbo]" Table="[Reservation]" Alias="[r]" Column="CustomerId"></ColumnReference></Identifier></ScalarOperator></Compare></ScalarOperator></Residual><RelOp NodeId="7" PhysicalOp="Clustered Index Scan" LogicalOp="Clustered Index Scan" EstimateRows="1008" EstimatedRowsRead="1008" EstimateIO="0.026088" EstimateCPU="0.0012658" AvgRowSize="127" EstimatedTotalSubtreeCost="0.0273538" TableCardinality="1008" Parallel="0" EstimateRebinds="0" EstimateRewinds="0" EstimatedExecutionMode="Row"><OutputList><ColumnReference Database="[sushiDB]" Schema="[dbo]" Table="[Customers]" Alias="[c]" Column="CustomerId"></ColumnReference><ColumnReference Database="[sushiDB]" Schema="[dbo]" Table="[Customers]" Alias="[c]" Column="Name"></ColumnReference></OutputList><RunTimeInformation><RunTimeCountersPerThread Thread="0" ActualRows="983" Batches="0" ActualElapsedms="0" ActualCPUms="0" ActualScans="1" ActualLogicalReads="34" ActualPhysicalReads="0" ActualReadAheads="0" ActualLobLogicalReads="0" ActualLobPhysicalReads="0" ActualLobReadAheads="0" ActualRowsRead="983" ActualEndOfScans="0" ActualExecutions="1" ActualExecutionMode="Row"></RunTimeCountersPerThread></RunTimeInformation><IndexScan Ordered="1" ScanDirection="FORWARD" ForcedIndex="0" ForceSeek="0" ForceScan="0" NoExpandHint="0" Storage="RowStore"><DefinedValues><DefinedValue><ColumnReference Database="[sushiDB]" Schema="[dbo]" Table="[Customers]" Alias="[c]" Column="CustomerId"></ColumnReference></DefinedValue><DefinedValue><ColumnReference Database="[sushiDB]" Schema="[dbo]" Table="[Customers]" Alias="[c]" Column="Name"></ColumnReference></DefinedValue></DefinedValues><Object Database="[sushiDB]" Schema="[dbo]" Table="[Customers]" Index="[PK_Customers]" Alias="[c]" IndexKind="Clustered" Storage="RowStore"></Object></IndexScan></RelOp><RelOp NodeId="8" PhysicalOp="Sort" LogicalOp="Sort" EstimateRows="166.609" EstimateIO="0.0112613" EstimateCPU="0.00201832" AvgRowSize="103" EstimatedTotalSubtreeCost="0.0183396" Parallel="0" EstimateRebinds="0" EstimateRewinds="0" EstimatedExecutionMode="Row"><OutputList><ColumnReference Database="[sushiDB]" Schema="[dbo]" Table="[Reservation]" Alias="[r]" Column="Id"></ColumnReference><ColumnReference Database="[sushiDB]" Schema="[dbo]" Table="[Reservation]" Alias="[r]" Column="DatedOn"></ColumnReference><ColumnReference Database="[sushiDB]" Schema="[dbo]" Table="[Reservation]" Alias="[r]" Column="Status"></ColumnReference><ColumnReference Database="[sushiDB]" Schema="[dbo]" Table="[Reservation]" Alias="[r]" Column="OrderedBy"></ColumnReference><ColumnReference Database="[sushiDB]" Schema="[dbo]" Table="[Reservation]" Alias="[r]" Column="CustomerId"></ColumnReference><ColumnReference Database="[sushiDB]" Schema="[dbo]" Table="[Reservation]" Alias="[r]" Column="BranchId"></ColumnReference><ColumnReference Database="[sushiDB]" Schema="[dbo]" Table="[Reservation]" Alias="[r]" Column="TableId"></ColumnReference><ColumnReference Database="[sushiDB]" Schema="[dbo]" Table="[Reservation]" Alias="[r]" Column="TotalPeople"></ColumnReference></OutputList><MemoryFractions Input="0.4" Output="0.4"></MemoryFractions><RunTimeInformation><RunTimeCountersPerThread Thread="0" ActualRows="21" Batches="0" ActualElapsedms="0" ActualCPUms="0" ActualScans="0" ActualLogicalReads="0" ActualPhysicalReads="0" ActualReadAheads="0" ActualLobLogicalReads="0" ActualLobPhysicalReads="0" ActualLobReadAheads="0" ActualRebinds="1" ActualRewinds="0" ActualEndOfScans="1" ActualExecutions="1" InputMemoryGrant="576" OutputMemoryGrant="192" UsedMemoryGrant="16" ActualExecutionMode="Row"></RunTimeCountersPerThread></RunTimeInformation><Sort Distinct="0"><OrderBy><OrderByColumn Ascending="1"><ColumnReference Database="[sushiDB]" Schema="[dbo]" Table="[Reservation]" Alias="[r]" Column="CustomerId"></ColumnReference></OrderByColumn></OrderBy><RelOp NodeId="10" PhysicalOp="Nested Loops" LogicalOp="Inner Join" EstimateRows="166.609" EstimatedRowsRead="166.609" EstimateIO="0.00460648" EstimateCPU="0.00034027" AvgRowSize="103" EstimatedTotalSubtreeCost="0.00494675" TableCardinality="100017" Parallel="0" EstimateRebinds="0" EstimateRewinds="0" EstimatedExecutionMode="Row"><OutputList><ColumnReference Database="[sushiDB]" Schema="[dbo]" Table="[Reservation]" Alias="[r]" Column="Id"></ColumnReference><ColumnReference Database="[sushiDB]" Schema="[dbo]" Table="[Reservation]" Alias="[r]" Column="DatedOn"></ColumnReference><ColumnReference Database="[sushiDB]" Schema="[dbo]" Table="[Reservation]" Alias="[r]" Column="Status"></ColumnReference><ColumnReference Database="[sushiDB]" Schema="[dbo]" Table="[Reservation]" Alias="[r]" Column="OrderedBy"></ColumnReference><ColumnReference Database="[sushiDB]" Schema="[dbo]" Table="[Reservation]" Alias="[r]" Column="CustomerId"></ColumnReference><ColumnReference Database="[sushiDB]" Schema="[dbo]" Table="[Reservation]" Alias="[r]" Column="BranchId"></ColumnReference><ColumnReference Database="[sushiDB]" Schema="[dbo]" Table="[Reservation]" Alias="[r]" Column="TableId"></ColumnReference><ColumnReference Database="[sushiDB]" Schema="[dbo]" Table="[Reservation]" Alias="[r]" Column="TotalPeople"></ColumnReference></OutputList><RunTimeInformation><RunTimeCountersPerThread Thread="0" ActualRows="21" Batches="0" ActualElapsedms="0" ActualCPUms="0" ActualEndOfScans="1" ActualExecutions="1" ActualExecutionMode="Row"></RunTimeCountersPerThread></RunTimeInformation><NestedLoops Optimized="0"><OuterReferences><ColumnReference Column="Expr1007"></ColumnReference><ColumnReference Column="Expr1008"></ColumnReference><ColumnReference Column="Expr1006"></ColumnReference></OuterReferences><RelOp NodeId="11" PhysicalOp="Compute Scalar" LogicalOp="Compute Scalar" EstimateRows="1" EstimateIO="0" EstimateCPU="0" AvgRowSize="27" EstimatedTotalSubtreeCost="0" Parallel="0" EstimateRebinds="0" EstimateRewinds="0" EstimatedExecutionMode="Row"><OutputList><ColumnReference Column="Expr1007"></ColumnReference><ColumnReference Column="Expr1008"></ColumnReference><ColumnReference Column="Expr1006"></ColumnReference></OutputList><RunTimeInformation><RunTimeCountersPerThread Thread="0" ActualRows="1" Batches="0" ActualElapsedms="0" ActualCPUms="0" ActualEndOfScans="1" ActualExecutions="1" ActualExecutionMode="Row"></RunTimeCountersPerThread></RunTimeInformation><ComputeScalar><DefinedValues><DefinedValue><ValueVector><ColumnReference Column="Expr1007"></ColumnReference><ColumnReference Column="Expr1008"></ColumnReference><ColumnReference Column="Expr1006"></ColumnReference></ValueVector><ScalarOperator ScalarString="GetRangeThroughConvert([@dateOn],[@dateOn],(62))"><Intrinsic FunctionName="GetRangeThroughConvert"><ScalarOperator><Identifier><ColumnReference Column="@dateOn"></ColumnReference></Identifier></ScalarOperator><ScalarOperator><Identifier><ColumnReference Column="@dateOn"></ColumnReference></Identifier></ScalarOperator><ScalarOperator><Const ConstValue="(62)"></Const></ScalarOperator></Intrinsic></ScalarOperator></DefinedValue></DefinedValues><RelOp NodeId="12" PhysicalOp="Constant Scan" LogicalOp="Constant Scan" EstimateRows="1" EstimateIO="0" EstimateCPU="0" AvgRowSize="0" EstimatedTotalSubtreeCost="0" Parallel="0" EstimateRebinds="0" EstimateRewinds="0" EstimatedExecutionMode="Row"><OutputList></OutputList><RunTimeInformation><RunTimeCountersPerThread Thread="0" ActualRows="1" Batches="0" ActualElapsedms="0" ActualCPUms="0" ActualEndOfScans="1" ActualExecutions="1" ActualExecutionMode="Row"></RunTimeCountersPerThread></RunTimeInformation><ConstantScan></ConstantScan></RelOp></ComputeScalar></RelOp><RelOp NodeId="13" PhysicalOp="Index Seek" LogicalOp="Index Seek" EstimateRows="166.609" EstimatedRowsRead="166.609" EstimateIO="0.00460648" EstimateCPU="0.00034027" AvgRowSize="103" EstimatedTotalSubtreeCost="0.00494675" TableCardinality="100017" Parallel="0" EstimateRebinds="0" EstimateRewinds="0" EstimatedExecutionMode="Row"><OutputList><ColumnReference Database="[sushiDB]" Schema="[dbo]" Table="[Reservation]" Alias="[r]" Column="Id"></ColumnReference><ColumnReference Database="[sushiDB]" Schema="[dbo]" Table="[Reservation]" Alias="[r]" Column="DatedOn"></ColumnReference><ColumnReference Database="[sushiDB]" Schema="[dbo]" Table="[Reservation]" Alias="[r]" Column="Status"></ColumnReference><ColumnReference Database="[sushiDB]" Schema="[dbo]" Table="[Reservation]" Alias="[r]" Column="OrderedBy"></ColumnReference><ColumnReference Database="[sushiDB]" Schema="[dbo]" Table="[Reservation]" Alias="[r]" Column="CustomerId"></ColumnReference><ColumnReference Database="[sushiDB]" Schema="[dbo]" Table="[Reservation]" Alias="[r]" Column="BranchId"></ColumnReference><ColumnReference Database="[sushiDB]" Schema="[dbo]" Table="[Reservation]" Alias="[r]" Column="TableId"></ColumnReference><ColumnReference Database="[sushiDB]" Schema="[dbo]" Table="[Reservation]" Alias="[r]" Column="TotalPeople"></ColumnReference></OutputList><RunTimeInformation><RunTimeCountersPerThread Thread="0" ActualRows="21" Batches="0" ActualElapsedms="0" ActualCPUms="0" ActualScans="1" ActualLogicalReads="4" ActualPhysicalReads="0" ActualReadAheads="0" ActualLobLogicalReads="0" ActualLobPhysicalReads="0" ActualLobReadAheads="0" ActualRowsRead="21" ActualEndOfScans="1" ActualExecutions="1" ActualExecutionMode="Row"></RunTimeCountersPerThread></RunTimeInformation><IndexScan Ordered="1" ScanDirection="FORWARD" ForcedIndex="0" ForceSeek="0" ForceScan="0" NoExpandHint="0" Storage="RowStore"><DefinedValues><DefinedValue><ColumnReference Database="[sushiDB]" Schema="[dbo]" Table="[Reservation]" Alias="[r]" Column="Id"></ColumnReference></DefinedValue><DefinedValue><ColumnReference Database="[sushiDB]" Schema="[dbo]" Table="[Reservation]" Alias="[r]" Column="DatedOn"></ColumnReference></DefinedValue><DefinedValue><ColumnReference Database="[sushiDB]" Schema="[dbo]" Table="[Reservation]" Alias="[r]" Column="Status"></ColumnReference></DefinedValue><DefinedValue><ColumnReference Database="[sushiDB]" Schema="[dbo]" Table="[Reservation]" Alias="[r]" Column="OrderedBy"></ColumnReference></DefinedValue><DefinedValue><ColumnReference Database="[sushiDB]" Schema="[dbo]" Table="[Reservation]" Alias="[r]" Column="CustomerId"></ColumnReference></DefinedValue><DefinedValue><ColumnReference Database="[sushiDB]" Schema="[dbo]" Table="[Reservation]" Alias="[r]" Column="BranchId"></ColumnReference></DefinedValue><DefinedValue><ColumnReference Database="[sushiDB]" Schema="[dbo]" Table="[Reservation]" Alias="[r]" Column="TableId"></ColumnReference></DefinedValue><DefinedValue><ColumnReference Database="[sushiDB]" Schema="[dbo]" Table="[Reservation]" Alias="[r]" Column="TotalPeople"></ColumnReference></DefinedValue></DefinedValues><Object Database="[sushiDB]" Schema="[dbo]" Table="[Reservation]" Index="[IX_Reservation_DatedOn_BranchId]" Alias="[r]" IndexKind="NonClustered" Storage="RowStore"></Object><SeekPredicates><SeekPredicateNew><SeekKeys><Prefix ScanType="EQ"><RangeColumns><ColumnReference Database="[sushiDB]" Schema="[dbo]" Table="[Reservation]" Alias="[r]" Column="BranchId"></ColumnReference></RangeColumns><RangeExpressions><ScalarOperator ScalarString="[@branchId]"><Identifier><ColumnReference Column="@branchId"></ColumnReference></Identifier></ScalarOperator></RangeExpressions></Prefix><StartRange ScanType="GT"><RangeColumns><ColumnReference Database="[sushiDB]" Schema="[dbo]" Table="[Reservation]" Alias="[r]" Column="DatedOn"></ColumnReference></RangeColumns><RangeExpressions><ScalarOperator ScalarString="[Expr1007]"><Identifier><ColumnReference Column="Expr1007"></ColumnReference></Identifier></ScalarOperator></RangeExpressions></StartRange><EndRange ScanType="LT"><RangeColumns><ColumnReference Database="[sushiDB]" Schema="[dbo]" Table="[Reservation]" Alias="[r]" Column="DatedOn"></ColumnReference></RangeColumns><RangeExpressions><ScalarOperator ScalarString="[Expr1008]"><Identifier><ColumnReference Column="Expr1008"></ColumnReference></Identifier></ScalarOperator></RangeExpressions></EndRange></SeekKeys></SeekPredicateNew></SeekPredicates><Predicate><ScalarOperator ScalarString="CONVERT(date,[sushiDB].[dbo].[Reservation].[DatedOn] as [r].[DatedOn],0)=[@dateOn]"><Compare CompareOp="EQ"><ScalarOperator><Convert DataType="date" Style="0" Implicit="0"><ScalarOperator><Identifier><ColumnReference Database="[sushiDB]" Schema="[dbo]" Table="[Reservation]" Alias="[r]" Column="DatedOn"></ColumnReference></Identifier></ScalarOperator></Convert></ScalarOperator><ScalarOperator><Identifier><ColumnReference Column="@dateOn"></ColumnReference></Identifier></ScalarOperator></Compare></ScalarOperator></Predicate></IndexScan></RelOp></NestedLoops></RelOp></Sort></RelOp></Merge></RelOp></Sort></RelOp><RelOp NodeId="14" PhysicalOp="Clustered Index Seek" LogicalOp="Clustered Index Seek" EstimateRows="1" EstimatedRowsRead="1" EstimateIO="0.003125" EstimateCPU="0.0001581" AvgRowSize="111" EstimatedTotalSubtreeCost="0.0295182" TableCardinality="15" Parallel="0" EstimateRebinds="0" EstimateRewinds="165.94" EstimatedExecutionMode="Row"><OutputList><ColumnReference Database="[sushiDB]" Schema="[dbo]" Table="[Branches]" Alias="[b]" Column="Name"></ColumnReference></OutputList><RunTimeInformation><RunTimeCountersPerThread Thread="0" ActualRows="21" Batches="0" ActualElapsedms="0" ActualCPUms="0" ActualScans="0" ActualLogicalReads="42" ActualPhysicalReads="0" ActualReadAheads="0" ActualLobLogicalReads="0" ActualLobPhysicalReads="0" ActualLobReadAheads="0" ActualRowsRead="21" ActualEndOfScans="0" ActualExecutions="21" ActualExecutionMode="Row"></RunTimeCountersPerThread></RunTimeInformation><IndexScan Ordered="1" ScanDirection="FORWARD" ForcedIndex="0" ForceSeek="0" ForceScan="0" NoExpandHint="0" Storage="RowStore"><DefinedValues><DefinedValue><ColumnReference Database="[sushiDB]" Schema="[dbo]" Table="[Branches]" Alias="[b]" Column="Name"></ColumnReference></DefinedValue></DefinedValues><Object Database="[sushiDB]" Schema="[dbo]" Table="[Branches]" Index="[PK_Branches]" Alias="[b]" IndexKind="Clustered" Storage="RowStore"></Object><SeekPredicates><SeekPredicateNew><SeekKeys><Prefix ScanType="EQ"><RangeColumns><ColumnReference Database="[sushiDB]" Schema="[dbo]" Table="[Branches]" Alias="[b]" Column="BranchId"></ColumnReference></RangeColumns><RangeExpressions><ScalarOperator ScalarString="[@branchId]"><Identifier><ColumnReference Column="@branchId"></ColumnReference></Identifier></ScalarOperator></RangeExpressions></Prefix></SeekKeys></SeekPredicateNew></SeekPredicates></IndexScan></RelOp></NestedLoops></RelOp></Merge></RelOp><RelOp NodeId="15" PhysicalOp="Index Seek" LogicalOp="Index Seek" EstimateRows="1.00002" EstimatedRowsRead="1.00002" EstimateIO="0.003125" EstimateCPU="0.0001581" AvgRowSize="31" EstimatedTotalSubtreeCost="0.476525" TableCardinality="100015" Parallel="0" EstimateRebinds="165.94" EstimateRewinds="0" EstimatedExecutionMode="Row"><OutputList><ColumnReference Database="[sushiDB]" Schema="[dbo]" Table="[Orders]" Alias="[o]" Column="Id"></ColumnReference><ColumnReference Database="[sushiDB]" Schema="[dbo]" Table="[Orders]" Alias="[o]" Column="Total"></ColumnReference></OutputList><RunTimeInformation><RunTimeCountersPerThread Thread="0" ActualRows="21" Batches="0" ActualElapsedms="0" ActualCPUms="0" ActualScans="21" ActualLogicalReads="63" ActualPhysicalReads="0" ActualReadAheads="0" ActualLobLogicalReads="0" ActualLobPhysicalReads="0" ActualLobReadAheads="0" ActualRowsRead="21" ActualEndOfScans="21" ActualExecutions="21" ActualExecutionMode="Row"></RunTimeCountersPerThread></RunTimeInformation><IndexScan Ordered="1" ScanDirection="FORWARD" ForcedIndex="0" ForceSeek="0" ForceScan="0" NoExpandHint="0" Storage="RowStore"><DefinedValues><DefinedValue><ColumnReference Database="[sushiDB]" Schema="[dbo]" Table="[Orders]" Alias="[o]" Column="Id"></ColumnReference></DefinedValue><DefinedValue><ColumnReference Database="[sushiDB]" Schema="[dbo]" Table="[Orders]" Alias="[o]" Column="Total"></ColumnReference></DefinedValue></DefinedValues><Object Database="[sushiDB]" Schema="[dbo]" Table="[Orders]" Index="[IX_Orders_ReservationId]" Alias="[o]" IndexKind="NonClustered" Storage="RowStore"></Object><SeekPredicates><SeekPredicateNew><SeekKeys><Prefix ScanType="EQ"><RangeColumns><ColumnReference Database="[sushiDB]" Schema="[dbo]" Table="[Orders]" Alias="[o]" Column="ReservationId"></ColumnReference></RangeColumns><RangeExpressions><ScalarOperator ScalarString="[sushiDB].[dbo].[Reservation].[Id] as [r].[Id]"><Identifier><ColumnReference Database="[sushiDB]" Schema="[dbo]" Table="[Reservation]" Alias="[r]" Column="Id"></ColumnReference></Identifier></ScalarOperator></RangeExpressions></Prefix></SeekKeys></SeekPredicateNew></SeekPredicates></IndexScan></RelOp></NestedLoops></RelOp><ParameterList><ColumnReference Column="@dateOn" ParameterDataType="date" ParameterCompiledValue="&apos;2024-01-30&apos;" ParameterRuntimeValue="&apos;2024-01-30&apos;"></ColumnReference><ColumnReference Column="@branchId" ParameterDataType="uniqueidentifier" ParameterCompiledValue="{guid&apos;BE17A130-0581-4315-BB2B-070F26292FBD&apos;}" ParameterRuntimeValue="{guid&apos;BE17A130-0581-4315-BB2B-070F26292FBD&apos;}"></ColumnReference></ParameterList></QueryPlan></StmtSimple></Statements></Batch></BatchSequence></ShowPlanXML>