<ShowPlanXML xmlns="http://schemas.microsoft.com/sqlserver/2004/07/showplan" Version="1.564" Build="16.0.1135.2"><BatchSequence><Batch><Statements><StmtSimple StatementText="SELECT  &#xd;&#xa;        r.Id AS ReservationId,&#xd;&#xa;        r.CustomerId AS CustomerId,&#xd;&#xa;        c.Name AS CustomerName,&#xd;&#xa;        r.BranchId AS BranchId,&#xd;&#xa;        b.Name AS BranchName,&#xd;&#xa;        r.[Status] AS Status,&#xd;&#xa;        r.DatedOn  AS DatedOn,  -- Ép kiểu DatedOn thành DATE&#xd;&#xa;        td.TableNumber AS TableNumber,  -- TableNumber chỉ trả về khi có TableId&#xd;&#xa;        r.TotalPeople AS TotalPeople,&#xd;&#xa;        o.Total AS TotalPrice,&#xd;&#xa;        o.Id AS OrderID,&#xd;&#xa;        r.OrderedBy AS OrderBy,  -- Trả về OrderBy nếu có (có thể NULL)&#xd;&#xa;        r.TableId AS TableId  -- Trả về TableId nếu có (có thể NULL)&#xd;&#xa;    FROM Reservation r&#xd;&#xa;    LEFT JOIN Customers c ON c.CustomerId = r.CustomerId &#xd;&#xa;    LEFT JOIN Branches b ON b.BranchId = r.BranchId&#xd;&#xa;    LEFT JOIN TableDetail td ON td.TableId = r.TableId  -- Sử dụng LEFT JOIN để tránh việc TableNumber không tồn tại khi TableId là NULL&#xd;&#xa;    LEFT JOIN Orders o ON o.ReservationId = r.Id  -- Liên kết với bảng Orders&#xd;&#xa;    WHERE r.BranchId = @branchId &#xd;&#xa;    AND CAST(r.DatedOn AS DATE) = @dateOn" StatementId="1" StatementCompId="6" StatementType="SELECT" StatementSqlHandle="0x0900E8892488F1C4103AC23FED88598E74240000000000000000000000000000000000000000000000000000" DatabaseContextSettingsId="2" ParentObjectId="450100644" StatementParameterizationType="0" RetrievedFromCache="true" StatementSubTreeCost="2.73864" StatementEstRows="169.598" SecurityPolicyApplied="false" StatementOptmLevel="FULL" QueryHash="0xC066072573207132" QueryPlanHash="0x3DC85D6F6439EEAA" CardinalityEstimationModelVersion="160"><StatementSetOptions QUOTED_IDENTIFIER="true" ARITHABORT="true" CONCAT_NULL_YIELDS_NULL="true" ANSI_NULLS="true" ANSI_PADDING="true" ANSI_WARNINGS="true" NUMERIC_ROUNDABORT="false"></StatementSetOptions><QueryPlan DegreeOfParallelism="0" MemoryGrant="1184" NonParallelPlanReason="NoParallelPlansInDesktopOrExpressEdition" CachedPlanSize="80" CompileTime="5" CompileCPU="5" CompileMemory="792"><MissingIndexes><MissingIndexGroup Impact="75.7083"><MissingIndex Database="[sushiDB]" Schema="[dbo]" Table="[Reservation]"><ColumnGroup Usage="EQUALITY"><Column Name="[BranchId]" ColumnId="7"></Column></ColumnGroup><ColumnGroup Usage="INEQUALITY"><Column Name="[DatedOn]" ColumnId="2"></Column></ColumnGroup><ColumnGroup Usage="INCLUDE"><Column Name="[Status]" ColumnId="4"></Column><Column Name="[OrderedBy]" ColumnId="5"></Column><Column Name="[CustomerId]" ColumnId="6"></Column><Column Name="[TableId]" ColumnId="8"></Column><Column Name="[TotalPeople]" ColumnId="9"></Column></ColumnGroup></MissingIndex></MissingIndexGroup></MissingIndexes><MemoryGrantInfo SerialRequiredMemory="1024" SerialDesiredMemory="1184" RequiredMemory="1024" DesiredMemory="1184" RequestedMemory="1184" GrantWaitTime="0" MaxQueryMemory="1206456" GrantedMemory="1184" MaxUsedMemory="24"></MemoryGrantInfo><OptimizerHardwareDependentProperties EstimatedAvailableMemoryGrant="208921" EstimatedPagesCached="104460" EstimatedAvailableDegreeOfParallelism="4" MaxCompileMemory="4865360"></OptimizerHardwareDependentProperties><OptimizerStatsUsage><StatisticsInfo LastUpdate="2024-12-13T22:36:43.19" ModificationCount="27" SamplingPercent="46.5087" Statistics="[PK_Reservation]" Table="[Reservation]" Schema="[dbo]" Database="[sushiDB]"></StatisticsInfo><StatisticsInfo LastUpdate="2024-12-14T23:12:32.88" ModificationCount="27" SamplingPercent="46.5087" Statistics="[_WA_Sys_00000006_5812160E]" Table="[Reservation]" Schema="[dbo]" Database="[sushiDB]"></StatisticsInfo><StatisticsInfo LastUpdate="2024-12-17T23:23:20.55" ModificationCount="0" SamplingPercent="100" Statistics="[Stat_TableId]" Table="[TableDetail]" Schema="[dbo]" Database="[sushiDB]"></StatisticsInfo><StatisticsInfo LastUpdate="2024-12-13T22:36:43.16" ModificationCount="27" SamplingPercent="46.5087" Statistics="[_WA_Sys_00000007_5812160E]" Table="[Reservation]" Schema="[dbo]" Database="[sushiDB]"></StatisticsInfo><StatisticsInfo LastUpdate="2024-12-16T23:46:06.31" ModificationCount="10" SamplingPercent="100" Statistics="[IX_Orders_ReservationId]" Table="[Orders]" Schema="[dbo]" Database="[sushiDB]"></StatisticsInfo><StatisticsInfo LastUpdate="2024-12-14T23:12:32.93" ModificationCount="46" SamplingPercent="46.5087" Statistics="[_WA_Sys_00000008_5812160E]" Table="[Reservation]" Schema="[dbo]" Database="[sushiDB]"></StatisticsInfo><StatisticsInfo LastUpdate="2024-12-13T22:36:43.12" ModificationCount="0" SamplingPercent="100" Statistics="[PK_Branches]" Table="[Branches]" Schema="[dbo]" Database="[sushiDB]"></StatisticsInfo><StatisticsInfo LastUpdate="2024-12-14T00:07:11.90" ModificationCount="4" SamplingPercent="100" Statistics="[PK_Customers]" Table="[Customers]" Schema="[dbo]" Database="[sushiDB]"></StatisticsInfo><StatisticsInfo LastUpdate="2024-12-15T13:23:33.56" ModificationCount="17" SamplingPercent="48.644" Statistics="[_WA_Sys_00000002_5812160E]" Table="[Reservation]" Schema="[dbo]" Database="[sushiDB]"></StatisticsInfo></OptimizerStatsUsage><TraceFlags IsCompileTime="1"><TraceFlag Value="8017" Scope="Global"></TraceFlag></TraceFlags><TraceFlags IsCompileTime="0"><TraceFlag Value="8017" Scope="Global"></TraceFlag></TraceFlags><QueryTimeStats ElapsedTime="19" CpuTime="19"></QueryTimeStats><RelOp NodeId="0" PhysicalOp="Nested Loops" LogicalOp="Left Outer Join" EstimateRows="169.598" EstimateIO="0" EstimateCPU="0.000708918" AvgRowSize="338" EstimatedTotalSubtreeCost="2.73864" Parallel="0" EstimateRebinds="0" EstimateRewinds="0" EstimatedExecutionMode="Row"><OutputList><ColumnReference Database="[sushiDB]" Schema="[dbo]" Table="[Reservation]" Alias="[r]" Column="Id"></ColumnReference><ColumnReference Database="[sushiDB]" Schema="[dbo]" Table="[Reservation]" Alias="[r]" Column="DatedOn"></ColumnReference><ColumnReference Database="[sushiDB]" Schema="[dbo]" Table="[Reservation]" Alias="[r]" Column="Status"></ColumnReference><ColumnReference Database="[sushiDB]" Schema="[dbo]" Table="[Reservation]" Alias="[r]" Column="OrderedBy"></ColumnReference><ColumnReference Database="[sushiDB]" Schema="[dbo]" Table="[Reservation]" Alias="[r]" Column="CustomerId"></ColumnReference><ColumnReference Database="[sushiDB]" Schema="[dbo]" Table="[Reservation]" Alias="[r]" Column="BranchId"></ColumnReference><ColumnReference Database="[sushiDB]" Schema="[dbo]" Table="[Reservation]" Alias="[r]" Column="TableId"></ColumnReference><ColumnReference Database="[sushiDB]" Schema="[dbo]" Table="[Reservation]" Alias="[r]" Column="TotalPeople"></ColumnReference><ColumnReference Database="[sushiDB]" Schema="[dbo]" Table="[Customers]" Alias="[c]" Column="Name"></ColumnReference><ColumnReference Database="[sushiDB]" Schema="[dbo]" Table="[Branches]" Alias="[b]" Column="Name"></ColumnReference><ColumnReference Database="[sushiDB]" Schema="[dbo]" Table="[TableDetail]" Alias="[td]" Column="TableNumber"></ColumnReference><ColumnReference Database="[sushiDB]" Schema="[dbo]" Table="[Orders]" Alias="[o]" Column="Id"></ColumnReference><ColumnReference Database="[sushiDB]" Schema="[dbo]" Table="[Orders]" Alias="[o]" Column="Total"></ColumnReference></OutputList><RunTimeInformation><RunTimeCountersPerThread Thread="0" ActualRows="21" Batches="0" ActualElapsedms="19" ActualCPUms="19" ActualEndOfScans="1" ActualExecutions="1" ActualExecutionMode="Row"></RunTimeCountersPerThread></RunTimeInformation><NestedLoops Optimized="0" WithUnorderedPrefetch="1"><OuterReferences><ColumnReference Database="[sushiDB]" Schema="[dbo]" Table="[Reservation]" Alias="[r]" Column="Id"></ColumnReference><ColumnReference Column="Expr1006"></ColumnReference></OuterReferences><RelOp NodeId="2" PhysicalOp="Merge Join" LogicalOp="Right Outer Join" EstimateRows="169.561" EstimateIO="0" EstimateCPU="0.00628803" AvgRowSize="314" EstimatedTotalSubtreeCost="2.25378" Parallel="0" EstimateRebinds="0" EstimateRewinds="0" EstimatedExecutionMode="Row"><OutputList><ColumnReference Database="[sushiDB]" Schema="[dbo]" Table="[Reservation]" Alias="[r]" Column="Id"></ColumnReference><ColumnReference Database="[sushiDB]" Schema="[dbo]" Table="[Reservation]" Alias="[r]" Column="DatedOn"></ColumnReference><ColumnReference Database="[sushiDB]" Schema="[dbo]" Table="[Reservation]" Alias="[r]" Column="Status"></ColumnReference><ColumnReference Database="[sushiDB]" Schema="[dbo]" Table="[Reservation]" Alias="[r]" Column="OrderedBy"></ColumnReference><ColumnReference Database="[sushiDB]" Schema="[dbo]" Table="[Reservation]" Alias="[r]" Column="CustomerId"></ColumnReference><ColumnReference Database="[sushiDB]" Schema="[dbo]" Table="[Reservation]" Alias="[r]" Column="BranchId"></ColumnReference><ColumnReference Database="[sushiDB]" Schema="[dbo]" Table="[Reservation]" Alias="[r]" Column="TableId"></ColumnReference><ColumnReference Database="[sushiDB]" Schema="[dbo]" Table="[Reservation]" Alias="[r]" Column="TotalPeople"></ColumnReference><ColumnReference Database="[sushiDB]" Schema="[dbo]" Table="[Customers]" Alias="[c]" Column="Name"></ColumnReference><ColumnReference Database="[sushiDB]" Schema="[dbo]" Table="[Branches]" Alias="[b]" Column="Name"></ColumnReference><ColumnReference Database="[sushiDB]" Schema="[dbo]" Table="[TableDetail]" Alias="[td]" Column="TableNumber"></ColumnReference></OutputList><RunTimeInformation><RunTimeCountersPerThread Thread="0" ActualRows="21" Batches="0" ActualElapsedms="19" ActualCPUms="19" ActualScans="0" ActualLogicalReads="0" ActualPhysicalReads="0" ActualReadAheads="0" ActualLobLogicalReads="0" ActualLobPhysicalReads="0" ActualLobReadAheads="0" ActualEndOfScans="1" ActualExecutions="1" ActualExecutionMode="Row"></RunTimeCountersPerThread></RunTimeInformation><Merge ManyToMany="0"><InnerSideJoinColumns><ColumnReference Database="[sushiDB]" Schema="[dbo]" Table="[Reservation]" Alias="[r]" Column="TableId"></ColumnReference></InnerSideJoinColumns><OuterSideJoinColumns><ColumnReference Database="[sushiDB]" Schema="[dbo]" Table="[TableDetail]" Alias="[td]" Column="TableId"></ColumnReference></OuterSideJoinColumns><Residual><ScalarOperator ScalarString="[sushiDB].[dbo].[TableDetail].[TableId] as [td].[TableId]=[sushiDB].[dbo].[Reservation].[TableId] as [r].[TableId]"><Compare CompareOp="EQ"><ScalarOperator><Identifier><ColumnReference Database="[sushiDB]" Schema="[dbo]" Table="[TableDetail]" Alias="[td]" Column="TableId"></ColumnReference></Identifier></ScalarOperator><ScalarOperator><Identifier><ColumnReference Database="[sushiDB]" Schema="[dbo]" Table="[Reservation]" Alias="[r]" Column="TableId"></ColumnReference></Identifier></ScalarOperator></Compare></ScalarOperator></Residual><RelOp NodeId="3" PhysicalOp="Clustered Index Scan" LogicalOp="Clustered Index Scan" EstimateRows="150" EstimatedRowsRead="150" EstimateIO="0.003125" EstimateCPU="0.000322" AvgRowSize="27" EstimatedTotalSubtreeCost="0.003447" TableCardinality="150" Parallel="0" EstimateRebinds="0" EstimateRewinds="0" EstimatedExecutionMode="Row"><OutputList><ColumnReference Database="[sushiDB]" Schema="[dbo]" Table="[TableDetail]" Alias="[td]" Column="TableId"></ColumnReference><ColumnReference Database="[sushiDB]" Schema="[dbo]" Table="[TableDetail]" Alias="[td]" Column="TableNumber"></ColumnReference></OutputList><RunTimeInformation><RunTimeCountersPerThread Thread="0" ActualRows="122" Batches="0" ActualElapsedms="0" ActualCPUms="0" ActualScans="1" ActualLogicalReads="2" ActualPhysicalReads="0" ActualReadAheads="0" ActualLobLogicalReads="0" ActualLobPhysicalReads="0" ActualLobReadAheads="0" ActualRowsRead="122" ActualEndOfScans="0" ActualExecutions="1" ActualExecutionMode="Row"></RunTimeCountersPerThread></RunTimeInformation><IndexScan Ordered="1" ScanDirection="FORWARD" ForcedIndex="0" ForceSeek="0" ForceScan="0" NoExpandHint="0" Storage="RowStore"><DefinedValues><DefinedValue><ColumnReference Database="[sushiDB]" Schema="[dbo]" Table="[TableDetail]" Alias="[td]" Column="TableId"></ColumnReference></DefinedValue><DefinedValue><ColumnReference Database="[sushiDB]" Schema="[dbo]" Table="[TableDetail]" Alias="[td]" Column="TableNumber"></ColumnReference></DefinedValue></DefinedValues><Object Database="[sushiDB]" Schema="[dbo]" Table="[TableDetail]" Index="[PK_TableDetail]" Alias="[td]" IndexKind="Clustered" Storage="RowStore"></Object></IndexScan></RelOp><RelOp NodeId="4" PhysicalOp="Nested Loops" LogicalOp="Left Outer Join" EstimateRows="169.561" EstimateIO="0" EstimateCPU="0.000708764" AvgRowSize="310" EstimatedTotalSubtreeCost="2.24404" Parallel="0" EstimateRebinds="0" EstimateRewinds="0" EstimatedExecutionMode="Row"><OutputList><ColumnReference Database="[sushiDB]" Schema="[dbo]" Table="[Reservation]" Alias="[r]" Column="Id"></ColumnReference><ColumnReference Database="[sushiDB]" Schema="[dbo]" Table="[Reservation]" Alias="[r]" Column="DatedOn"></ColumnReference><ColumnReference Database="[sushiDB]" Schema="[dbo]" Table="[Reservation]" Alias="[r]" Column="Status"></ColumnReference><ColumnReference Database="[sushiDB]" Schema="[dbo]" Table="[Reservation]" Alias="[r]" Column="OrderedBy"></ColumnReference><ColumnReference Database="[sushiDB]" Schema="[dbo]" Table="[Reservation]" Alias="[r]" Column="CustomerId"></ColumnReference><ColumnReference Database="[sushiDB]" Schema="[dbo]" Table="[Reservation]" Alias="[r]" Column="BranchId"></ColumnReference><ColumnReference Database="[sushiDB]" Schema="[dbo]" Table="[Reservation]" Alias="[r]" Column="TableId"></ColumnReference><ColumnReference Database="[sushiDB]" Schema="[dbo]" Table="[Reservation]" Alias="[r]" Column="TotalPeople"></ColumnReference><ColumnReference Database="[sushiDB]" Schema="[dbo]" Table="[Customers]" Alias="[c]" Column="Name"></ColumnReference><ColumnReference Database="[sushiDB]" Schema="[dbo]" Table="[Branches]" Alias="[b]" Column="Name"></ColumnReference></OutputList><RunTimeInformation><RunTimeCountersPerThread Thread="0" ActualRows="21" Batches="0" ActualElapsedms="19" ActualCPUms="18" ActualEndOfScans="1" ActualExecutions="1" ActualExecutionMode="Row"></RunTimeCountersPerThread></RunTimeInformation><NestedLoops Optimized="0"><RelOp NodeId="5" PhysicalOp="Sort" LogicalOp="Sort" EstimateRows="169.561" EstimateIO="0.0112613" EstimateCPU="0.00205911" AvgRowSize="208" EstimatedTotalSubtreeCost="2.2134" Parallel="0" EstimateRebinds="0" EstimateRewinds="0" EstimatedExecutionMode="Row"><OutputList><ColumnReference Database="[sushiDB]" Schema="[dbo]" Table="[Reservation]" Alias="[r]" Column="Id"></ColumnReference><ColumnReference Database="[sushiDB]" Schema="[dbo]" Table="[Reservation]" Alias="[r]" Column="DatedOn"></ColumnReference><ColumnReference Database="[sushiDB]" Schema="[dbo]" Table="[Reservation]" Alias="[r]" Column="Status"></ColumnReference><ColumnReference Database="[sushiDB]" Schema="[dbo]" Table="[Reservation]" Alias="[r]" Column="OrderedBy"></ColumnReference><ColumnReference Database="[sushiDB]" Schema="[dbo]" Table="[Reservation]" Alias="[r]" Column="CustomerId"></ColumnReference><ColumnReference Database="[sushiDB]" Schema="[dbo]" Table="[Reservation]" Alias="[r]" Column="BranchId"></ColumnReference><ColumnReference Database="[sushiDB]" Schema="[dbo]" Table="[Reservation]" Alias="[r]" Column="TableId"></ColumnReference><ColumnReference Database="[sushiDB]" Schema="[dbo]" Table="[Reservation]" Alias="[r]" Column="TotalPeople"></ColumnReference><ColumnReference Database="[sushiDB]" Schema="[dbo]" Table="[Customers]" Alias="[c]" Column="Name"></ColumnReference></OutputList><MemoryFractions Input="0.6" Output="1"></MemoryFractions><RunTimeInformation><RunTimeCountersPerThread Thread="0" ActualRows="21" Batches="0" ActualElapsedms="18" ActualCPUms="18" ActualScans="0" ActualLogicalReads="0" ActualPhysicalReads="0" ActualReadAheads="0" ActualLobLogicalReads="0" ActualLobPhysicalReads="0" ActualLobReadAheads="0" ActualRebinds="1" ActualRewinds="0" ActualEndOfScans="1" ActualExecutions="1" InputMemoryGrant="608" OutputMemoryGrant="288" UsedMemoryGrant="16" ActualExecutionMode="Row"></RunTimeCountersPerThread></RunTimeInformation><Sort Distinct="0"><OrderBy><OrderByColumn Ascending="1"><ColumnReference Database="[sushiDB]" Schema="[dbo]" Table="[Reservation]" Alias="[r]" Column="TableId"></ColumnReference></OrderByColumn></OrderBy><RelOp NodeId="6" PhysicalOp="Merge Join" LogicalOp="Right Outer Join" EstimateRows="169.561" EstimateIO="0" EstimateCPU="0.00808913" AvgRowSize="208" EstimatedTotalSubtreeCost="2.20008" Parallel="0" EstimateRebinds="0" EstimateRewinds="0" EstimatedExecutionMode="Row"><OutputList><ColumnReference Database="[sushiDB]" Schema="[dbo]" Table="[Reservation]" Alias="[r]" Column="Id"></ColumnReference><ColumnReference Database="[sushiDB]" Schema="[dbo]" Table="[Reservation]" Alias="[r]" Column="DatedOn"></ColumnReference><ColumnReference Database="[sushiDB]" Schema="[dbo]" Table="[Reservation]" Alias="[r]" Column="Status"></ColumnReference><ColumnReference Database="[sushiDB]" Schema="[dbo]" Table="[Reservation]" Alias="[r]" Column="OrderedBy"></ColumnReference><ColumnReference Database="[sushiDB]" Schema="[dbo]" Table="[Reservation]" Alias="[r]" Column="CustomerId"></ColumnReference><ColumnReference Database="[sushiDB]" Schema="[dbo]" Table="[Reservation]" Alias="[r]" Column="BranchId"></ColumnReference><ColumnReference Database="[sushiDB]" Schema="[dbo]" Table="[Reservation]" Alias="[r]" Column="TableId"></ColumnReference><ColumnReference Database="[sushiDB]" Schema="[dbo]" Table="[Reservation]" Alias="[r]" Column="TotalPeople"></ColumnReference><ColumnReference Database="[sushiDB]" Schema="[dbo]" Table="[Customers]" Alias="[c]" Column="Name"></ColumnReference></OutputList><RunTimeInformation><RunTimeCountersPerThread Thread="0" ActualRows="21" Batches="0" ActualElapsedms="18" ActualCPUms="18" ActualScans="0" ActualLogicalReads="0" ActualPhysicalReads="0" ActualReadAheads="0" ActualLobLogicalReads="0" ActualLobPhysicalReads="0" ActualLobReadAheads="0" ActualEndOfScans="1" ActualExecutions="1" ActualExecutionMode="Row"></RunTimeCountersPerThread></RunTimeInformation><Merge ManyToMany="0"><InnerSideJoinColumns><ColumnReference Database="[sushiDB]" Schema="[dbo]" Table="[Reservation]" Alias="[r]" Column="CustomerId"></ColumnReference></InnerSideJoinColumns><OuterSideJoinColumns><ColumnReference Database="[sushiDB]" Schema="[dbo]" Table="[Customers]" Alias="[c]" Column="CustomerId"></ColumnReference></OuterSideJoinColumns><Residual><ScalarOperator ScalarString="[sushiDB].[dbo].[Customers].[CustomerId] as [c].[CustomerId]=[sushiDB].[dbo].[Reservation].[CustomerId] as [r].[CustomerId]"><Compare CompareOp="EQ"><ScalarOperator><Identifier><ColumnReference Database="[sushiDB]" Schema="[dbo]" Table="[Customers]" Alias="[c]" Column="CustomerId"></ColumnReference></Identifier></ScalarOperator><ScalarOperator><Identifier><ColumnReference Database="[sushiDB]" Schema="[dbo]" Table="[Reservation]" Alias="[r]" Column="CustomerId"></ColumnReference></Identifier></ScalarOperator></Compare></ScalarOperator></Residual><RelOp NodeId="7" PhysicalOp="Clustered Index Scan" LogicalOp="Clustered Index Scan" EstimateRows="1008" EstimatedRowsRead="1008" EstimateIO="0.026088" EstimateCPU="0.0012658" AvgRowSize="127" EstimatedTotalSubtreeCost="0.0273538" TableCardinality="1008" Parallel="0" EstimateRebinds="0" EstimateRewinds="0" EstimatedExecutionMode="Row"><OutputList><ColumnReference Database="[sushiDB]" Schema="[dbo]" Table="[Customers]" Alias="[c]" Column="CustomerId"></ColumnReference><ColumnReference Database="[sushiDB]" Schema="[dbo]" Table="[Customers]" Alias="[c]" Column="Name"></ColumnReference></OutputList><RunTimeInformation><RunTimeCountersPerThread Thread="0" ActualRows="983" Batches="0" ActualElapsedms="0" ActualCPUms="0" ActualScans="1" ActualLogicalReads="34" ActualPhysicalReads="0" ActualReadAheads="0" ActualLobLogicalReads="0" ActualLobPhysicalReads="0" ActualLobReadAheads="0" ActualRowsRead="983" ActualEndOfScans="0" ActualExecutions="1" ActualExecutionMode="Row"></RunTimeCountersPerThread></RunTimeInformation><IndexScan Ordered="1" ScanDirection="FORWARD" ForcedIndex="0" ForceSeek="0" ForceScan="0" NoExpandHint="0" Storage="RowStore"><DefinedValues><DefinedValue><ColumnReference Database="[sushiDB]" Schema="[dbo]" Table="[Customers]" Alias="[c]" Column="CustomerId"></ColumnReference></DefinedValue><DefinedValue><ColumnReference Database="[sushiDB]" Schema="[dbo]" Table="[Customers]" Alias="[c]" Column="Name"></ColumnReference></DefinedValue></DefinedValues><Object Database="[sushiDB]" Schema="[dbo]" Table="[Customers]" Index="[PK_Customers]" Alias="[c]" IndexKind="Clustered" Storage="RowStore"></Object></IndexScan></RelOp><RelOp NodeId="8" PhysicalOp="Sort" LogicalOp="Sort" EstimateRows="169.224" EstimateIO="0.0112613" EstimateCPU="0.00205436" AvgRowSize="103" EstimatedTotalSubtreeCost="2.16463" Parallel="0" EstimateRebinds="0" EstimateRewinds="0" EstimatedExecutionMode="Row"><OutputList><ColumnReference Database="[sushiDB]" Schema="[dbo]" Table="[Reservation]" Alias="[r]" Column="Id"></ColumnReference><ColumnReference Database="[sushiDB]" Schema="[dbo]" Table="[Reservation]" Alias="[r]" Column="DatedOn"></ColumnReference><ColumnReference Database="[sushiDB]" Schema="[dbo]" Table="[Reservation]" Alias="[r]" Column="Status"></ColumnReference><ColumnReference Database="[sushiDB]" Schema="[dbo]" Table="[Reservation]" Alias="[r]" Column="OrderedBy"></ColumnReference><ColumnReference Database="[sushiDB]" Schema="[dbo]" Table="[Reservation]" Alias="[r]" Column="CustomerId"></ColumnReference><ColumnReference Database="[sushiDB]" Schema="[dbo]" Table="[Reservation]" Alias="[r]" Column="BranchId"></ColumnReference><ColumnReference Database="[sushiDB]" Schema="[dbo]" Table="[Reservation]" Alias="[r]" Column="TableId"></ColumnReference><ColumnReference Database="[sushiDB]" Schema="[dbo]" Table="[Reservation]" Alias="[r]" Column="TotalPeople"></ColumnReference></OutputList><MemoryFractions Input="0.4" Output="0.4"></MemoryFractions><RunTimeInformation><RunTimeCountersPerThread Thread="0" ActualRows="21" Batches="0" ActualElapsedms="18" ActualCPUms="18" ActualScans="0" ActualLogicalReads="0" ActualPhysicalReads="0" ActualReadAheads="0" ActualLobLogicalReads="0" ActualLobPhysicalReads="0" ActualLobReadAheads="0" ActualRebinds="1" ActualRewinds="0" ActualEndOfScans="1" ActualExecutions="1" InputMemoryGrant="576" OutputMemoryGrant="192" UsedMemoryGrant="16" ActualExecutionMode="Row"></RunTimeCountersPerThread></RunTimeInformation><Sort Distinct="0"><OrderBy><OrderByColumn Ascending="1"><ColumnReference Database="[sushiDB]" Schema="[dbo]" Table="[Reservation]" Alias="[r]" Column="CustomerId"></ColumnReference></OrderByColumn></OrderBy><RelOp NodeId="10" PhysicalOp="Clustered Index Scan" LogicalOp="Clustered Index Scan" EstimateRows="169.224" EstimatedRowsRead="100017" EstimateIO="1.94312" EstimateCPU="0.110176" AvgRowSize="103" EstimatedTotalSubtreeCost="2.0533" TableCardinality="100017" Parallel="0" EstimateRebinds="0" EstimateRewinds="0" EstimatedExecutionMode="Row"><OutputList><ColumnReference Database="[sushiDB]" Schema="[dbo]" Table="[Reservation]" Alias="[r]" Column="Id"></ColumnReference><ColumnReference Database="[sushiDB]" Schema="[dbo]" Table="[Reservation]" Alias="[r]" Column="DatedOn"></ColumnReference><ColumnReference Database="[sushiDB]" Schema="[dbo]" Table="[Reservation]" Alias="[r]" Column="Status"></ColumnReference><ColumnReference Database="[sushiDB]" Schema="[dbo]" Table="[Reservation]" Alias="[r]" Column="OrderedBy"></ColumnReference><ColumnReference Database="[sushiDB]" Schema="[dbo]" Table="[Reservation]" Alias="[r]" Column="CustomerId"></ColumnReference><ColumnReference Database="[sushiDB]" Schema="[dbo]" Table="[Reservation]" Alias="[r]" Column="BranchId"></ColumnReference><ColumnReference Database="[sushiDB]" Schema="[dbo]" Table="[Reservation]" Alias="[r]" Column="TableId"></ColumnReference><ColumnReference Database="[sushiDB]" Schema="[dbo]" Table="[Reservation]" Alias="[r]" Column="TotalPeople"></ColumnReference></OutputList><RunTimeInformation><RunTimeCountersPerThread Thread="0" ActualRows="21" Batches="0" ActualElapsedms="18" ActualCPUms="18" ActualScans="1" ActualLogicalReads="2634" ActualPhysicalReads="0" ActualReadAheads="0" ActualLobLogicalReads="0" ActualLobPhysicalReads="0" ActualLobReadAheads="0" ActualRowsRead="100017" ActualEndOfScans="1" ActualExecutions="1" ActualExecutionMode="Row"></RunTimeCountersPerThread></RunTimeInformation><IndexScan Ordered="0" ForcedIndex="0" ForceScan="0" NoExpandHint="0" Storage="RowStore"><DefinedValues><DefinedValue><ColumnReference Database="[sushiDB]" Schema="[dbo]" Table="[Reservation]" Alias="[r]" Column="Id"></ColumnReference></DefinedValue><DefinedValue><ColumnReference Database="[sushiDB]" Schema="[dbo]" Table="[Reservation]" Alias="[r]" Column="DatedOn"></ColumnReference></DefinedValue><DefinedValue><ColumnReference Database="[sushiDB]" Schema="[dbo]" Table="[Reservation]" Alias="[r]" Column="Status"></ColumnReference></DefinedValue><DefinedValue><ColumnReference Database="[sushiDB]" Schema="[dbo]" Table="[Reservation]" Alias="[r]" Column="OrderedBy"></ColumnReference></DefinedValue><DefinedValue><ColumnReference Database="[sushiDB]" Schema="[dbo]" Table="[Reservation]" Alias="[r]" Column="CustomerId"></ColumnReference></DefinedValue><DefinedValue><ColumnReference Database="[sushiDB]" Schema="[dbo]" Table="[Reservation]" Alias="[r]" Column="BranchId"></ColumnReference></DefinedValue><DefinedValue><ColumnReference Database="[sushiDB]" Schema="[dbo]" Table="[Reservation]" Alias="[r]" Column="TableId"></ColumnReference></DefinedValue><DefinedValue><ColumnReference Database="[sushiDB]" Schema="[dbo]" Table="[Reservation]" Alias="[r]" Column="TotalPeople"></ColumnReference></DefinedValue></DefinedValues><Object Database="[sushiDB]" Schema="[dbo]" Table="[Reservation]" Index="[PK_Reservation]" Alias="[r]" IndexKind="Clustered" Storage="RowStore"></Object><Predicate><ScalarOperator ScalarString="[sushiDB].[dbo].[Reservation].[BranchId] as [r].[BranchId]=[@branchId] AND CONVERT(date,[sushiDB].[dbo].[Reservation].[DatedOn] as [r].[DatedOn],0)=[@dateOn]"><Logical Operation="AND"><ScalarOperator><Compare CompareOp="EQ"><ScalarOperator><Identifier><ColumnReference Database="[sushiDB]" Schema="[dbo]" Table="[Reservation]" Alias="[r]" Column="BranchId"></ColumnReference></Identifier></ScalarOperator><ScalarOperator><Identifier><ColumnReference Column="@branchId"></ColumnReference></Identifier></ScalarOperator></Compare></ScalarOperator><ScalarOperator><Compare CompareOp="EQ"><ScalarOperator><Convert DataType="date" Style="0" Implicit="0"><ScalarOperator><Identifier><ColumnReference Database="[sushiDB]" Schema="[dbo]" Table="[Reservation]" Alias="[r]" Column="DatedOn"></ColumnReference></Identifier></ScalarOperator></Convert></ScalarOperator><ScalarOperator><Identifier><ColumnReference Column="@dateOn"></ColumnReference></Identifier></ScalarOperator></Compare></ScalarOperator></Logical></ScalarOperator></Predicate></IndexScan></RelOp></Sort></RelOp></Merge></RelOp></Sort></RelOp><RelOp NodeId="11" PhysicalOp="Clustered Index Seek" LogicalOp="Clustered Index Seek" EstimateRows="1" EstimatedRowsRead="1" EstimateIO="0.003125" EstimateCPU="0.0001581" AvgRowSize="111" EstimatedTotalSubtreeCost="0.0299325" TableCardinality="15" Parallel="0" EstimateRebinds="0" EstimateRewinds="168.561" EstimatedExecutionMode="Row"><OutputList><ColumnReference Database="[sushiDB]" Schema="[dbo]" Table="[Branches]" Alias="[b]" Column="Name"></ColumnReference></OutputList><RunTimeInformation><RunTimeCountersPerThread Thread="0" ActualRows="21" Batches="0" ActualElapsedms="0" ActualCPUms="0" ActualScans="0" ActualLogicalReads="42" ActualPhysicalReads="0" ActualReadAheads="0" ActualLobLogicalReads="0" ActualLobPhysicalReads="0" ActualLobReadAheads="0" ActualRowsRead="21" ActualEndOfScans="0" ActualExecutions="21" ActualExecutionMode="Row"></RunTimeCountersPerThread></RunTimeInformation><IndexScan Ordered="1" ScanDirection="FORWARD" ForcedIndex="0" ForceSeek="0" ForceScan="0" NoExpandHint="0" Storage="RowStore"><DefinedValues><DefinedValue><ColumnReference Database="[sushiDB]" Schema="[dbo]" Table="[Branches]" Alias="[b]" Column="Name"></ColumnReference></DefinedValue></DefinedValues><Object Database="[sushiDB]" Schema="[dbo]" Table="[Branches]" Index="[PK_Branches]" Alias="[b]" IndexKind="Clustered" Storage="RowStore"></Object><SeekPredicates><SeekPredicateNew><SeekKeys><Prefix ScanType="EQ"><RangeColumns><ColumnReference Database="[sushiDB]" Schema="[dbo]" Table="[Branches]" Alias="[b]" Column="BranchId"></ColumnReference></RangeColumns><RangeExpressions><ScalarOperator ScalarString="[@branchId]"><Identifier><ColumnReference Column="@branchId"></ColumnReference></Identifier></ScalarOperator></RangeExpressions></Prefix></SeekKeys></SeekPredicateNew></SeekPredicates></IndexScan></RelOp></NestedLoops></RelOp></Merge></RelOp><RelOp NodeId="12" PhysicalOp="Index Seek" LogicalOp="Index Seek" EstimateRows="1.00022" EstimatedRowsRead="1.00022" EstimateIO="0.003125" EstimateCPU="0.0001581" AvgRowSize="31" EstimatedTotalSubtreeCost="0.484153" TableCardinality="100015" Parallel="0" EstimateRebinds="168.561" EstimateRewinds="0" EstimatedExecutionMode="Row"><OutputList><ColumnReference Database="[sushiDB]" Schema="[dbo]" Table="[Orders]" Alias="[o]" Column="Id"></ColumnReference><ColumnReference Database="[sushiDB]" Schema="[dbo]" Table="[Orders]" Alias="[o]" Column="Total"></ColumnReference></OutputList><RunTimeInformation><RunTimeCountersPerThread Thread="0" ActualRows="21" Batches="0" ActualElapsedms="0" ActualCPUms="0" ActualScans="21" ActualLogicalReads="63" ActualPhysicalReads="0" ActualReadAheads="0" ActualLobLogicalReads="0" ActualLobPhysicalReads="0" ActualLobReadAheads="0" ActualRowsRead="21" ActualEndOfScans="21" ActualExecutions="21" ActualExecutionMode="Row"></RunTimeCountersPerThread></RunTimeInformation><IndexScan Ordered="1" ScanDirection="FORWARD" ForcedIndex="0" ForceSeek="0" ForceScan="0" NoExpandHint="0" Storage="RowStore"><DefinedValues><DefinedValue><ColumnReference Database="[sushiDB]" Schema="[dbo]" Table="[Orders]" Alias="[o]" Column="Id"></ColumnReference></DefinedValue><DefinedValue><ColumnReference Database="[sushiDB]" Schema="[dbo]" Table="[Orders]" Alias="[o]" Column="Total"></ColumnReference></DefinedValue></DefinedValues><Object Database="[sushiDB]" Schema="[dbo]" Table="[Orders]" Index="[IX_Orders_ReservationId]" Alias="[o]" IndexKind="NonClustered" Storage="RowStore"></Object><SeekPredicates><SeekPredicateNew><SeekKeys><Prefix ScanType="EQ"><RangeColumns><ColumnReference Database="[sushiDB]" Schema="[dbo]" Table="[Orders]" Alias="[o]" Column="ReservationId"></ColumnReference></RangeColumns><RangeExpressions><ScalarOperator ScalarString="[sushiDB].[dbo].[Reservation].[Id] as [r].[Id]"><Identifier><ColumnReference Database="[sushiDB]" Schema="[dbo]" Table="[Reservation]" Alias="[r]" Column="Id"></ColumnReference></Identifier></ScalarOperator></RangeExpressions></Prefix></SeekKeys></SeekPredicateNew></SeekPredicates></IndexScan></RelOp></NestedLoops></RelOp><ParameterList><ColumnReference Column="@dateOn" ParameterDataType="date" ParameterCompiledValue="&apos;2024-01-30&apos;" ParameterRuntimeValue="&apos;2024-01-30&apos;"></ColumnReference><ColumnReference Column="@branchId" ParameterDataType="uniqueidentifier" ParameterCompiledValue="{guid&apos;BE17A130-0581-4315-BB2B-070F26292FBD&apos;}" ParameterRuntimeValue="{guid&apos;BE17A130-0581-4315-BB2B-070F26292FBD&apos;}"></ColumnReference></ParameterList></QueryPlan></StmtSimple></Statements></Batch></BatchSequence></ShowPlanXML>